#
# A fatal error has been detected by the Java Runtime Environment:
#
#  SIGSEGV (0xb) at pc=0x00007f1ec9993a37, pid=15041, tid=15042
#
# JRE version: OpenJDK Runtime Environment (19.0.1+10) (build 19.0.1+10-21)
# Java VM: OpenJDK 64-Bit Server VM (19.0.1+10-21, mixed mode, sharing, tiered, compressed oops, compressed class ptrs, g1 gc, linux-amd64)
# Problematic frame:
# C  [libtesseract.so.4.0.1+0x9da37]  tesseract::Tesseract::recog_all_words(PAGE_RES*, ETEXT_DESC*, TBOX const*, char const*, int)+0x347
#
# Core dump will be written. Default location: Core dumps may be processed with "/usr/share/apport/apport -p%p -s%s -c%c -d%d -P%P -u%u -g%g -- %E" (or dumping to /home/assiph/IdeaProjects/Worker/core.15041)
#
# If you would like to submit a bug report, please visit:
#   https://bugreport.java.com/bugreport/crash.jsp
# The crash happened outside the Java Virtual Machine in native code.
# See problematic frame for where to report the bug.
#

---------------  S U M M A R Y ------------

Command Line: -javaagent:/snap/intellij-idea-community/390/lib/idea_rt.jar=44395:/snap/intellij-idea-community/390/bin -Dfile.encoding=UTF-8 -Dsun.stdout.encoding=UTF-8 -Dsun.stderr.encoding=UTF-8 org.example.Main

Host: AMD Ryzen 7 4800H with Radeon Graphics, 8 cores, 3G, Ubuntu 22.04.1 LTS
Time: Sun Nov 13 20:01:16 2022 IST elapsed time: 0.601436 seconds (0d 0h 0m 0s)

---------------  T H R E A D  ---------------

Current thread (0x00007f1ef4028fe0):  JavaThread "main" [_thread_in_native, id=15042, stack(0x00007f1ef8bfe000,0x00007f1ef8cfe000)]

Stack: [0x00007f1ef8bfe000,0x00007f1ef8cfe000],  sp=0x00007f1ef8cfb4c0,  free space=1013k
Native frames: (J=compiled Java code, j=interpreted, Vv=VM code, C=native code)
C  [libtesseract.so.4.0.1+0x9da37]  tesseract::Tesseract::recog_all_words(PAGE_RES*, ETEXT_DESC*, TBOX const*, char const*, int)+0x347

Java frames: (J=compiled Java code, j=interpreted, Vv=VM code)
j  com.sun.jna.Native.invokePointer(Lcom/sun/jna/Function;JI[Ljava/lang/Object;)J+0
j  com.sun.jna.Function.invokePointer(I[Ljava/lang/Object;)Lcom/sun/jna/Pointer;+7
j  com.sun.jna.Function.invoke([Ljava/lang/Object;Ljava/lang/Class;ZI)Ljava/lang/Object;+385
j  com.sun.jna.Function.invoke(Ljava/lang/reflect/Method;[Ljava/lang/Class;Ljava/lang/Class;[Ljava/lang/Object;Ljava/util/Map;)Ljava/lang/Object;+271
j  com.sun.jna.Library$Handler.invoke(Ljava/lang/Object;Ljava/lang/reflect/Method;[Ljava/lang/Object;)Ljava/lang/Object;+390
j  jdk.proxy1.$Proxy0.TessBaseAPIGetUTF8Text(Lnet/sourceforge/tess4j/ITessAPI$TessBaseAPI;)Lcom/sun/jna/Pointer;+16 jdk.proxy1
j  net.sourceforge.tess4j.Tesseract.getOCRText(Ljava/lang/String;I)Ljava/lang/String;+269
j  net.sourceforge.tess4j.Tesseract.doOCR(Ljavax/imageio/IIOImage;Ljava/lang/String;Ljava/awt/Rectangle;I)Ljava/lang/String;+18
j  net.sourceforge.tess4j.Tesseract.doOCR(Ljava/io/File;Ljava/awt/Rectangle;)Ljava/lang/String;+126
j  net.sourceforge.tess4j.Tesseract.doOCR(Ljava/io/File;)Ljava/lang/String;+3
j  org.example.Main.main([Ljava/lang/String;)V+26
v  ~StubRoutines::call_stub 0x00007f1ee452ccc6

siginfo: si_signo: 11 (SIGSEGV), si_code: 1 (SEGV_MAPERR), si_addr: 0x000000000000000c

Registers:
RAX=0x0000000000000000, RBX=0x00007f1ef4354220, RCX=0x00007f1ef4375ba8, RDX=0x0000000000000000
RSP=0x00007f1ef8cfb4c0, RBP=0x00007f1ef8cfb510, RSI=0x0000000000000000, RDI=0x00007f1ef8cfb5c0
R8 =0x00007f1ef4397b40, R9 =0x0000000000000000, R10=0x00007f1ef4398a30, R11=0x0000000000000000
R12=0x00007f1ef43b3370, R13=0x0000000000000000, R14=0x0000000000000000, R15=0x00007f1ef43b3370
RIP=0x00007f1ec9993a37, EFLAGS=0x0000000000010246, CSGSFS=0x002b000000000033, ERR=0x0000000000000004
  TRAPNO=0x000000000000000e


Register to memory mapping:

RAX=0x0 is NULL
RBX=0x00007f1ef4354220 points into unknown readable memory: 0x00007f1ec9bf96b8 | b8 96 bf c9 1e 7f 00 00
RCX=0x00007f1ef4375ba8 points into unknown readable memory: 0x0000000000000000 | 00 00 00 00 00 00 00 00
RDX=0x0 is NULL
RSP=0x00007f1ef8cfb4c0 is pointing into the stack for thread: 0x00007f1ef4028fe0
RBP=0x00007f1ef8cfb510 is pointing into the stack for thread: 0x00007f1ef4028fe0
RSI=0x0 is NULL
RDI=0x00007f1ef8cfb5c0 is pointing into the stack for thread: 0x00007f1ef4028fe0
R8 =0x00007f1ef4397b40 points into unknown readable memory: 0x00007f1ef4397720 | 20 77 39 f4 1e 7f 00 00
R9 =0x0 is NULL
R10=0x00007f1ef4398a30 points into unknown readable memory: 0x0000000100000010 | 10 00 00 00 01 00 00 00
R11=0x0 is NULL
R12=0x00007f1ef43b3370 points into unknown readable memory: 0x0000000000000000 | 00 00 00 00 00 00 00 00
R13=0x0 is NULL
R14=0x0 is NULL
R15=0x00007f1ef43b3370 points into unknown readable memory: 0x0000000000000000 | 00 00 00 00 00 00 00 00


Top of Stack: (sp=0x00007f1ef8cfb4c0)
0x00007f1ef8cfb4c0:   0000000000000000 0000000000000000
0x00007f1ef8cfb4d0:   00007f1ef43ab390 00007f1ef4010000
0x00007f1ef8cfb4e0:   00007f1ef4446708 608be23f6bd3e800
0x00007f1ef8cfb4f0:   0000000000000000 0000000000000001 

Instructions: (pc=0x00007f1ec9993a37)
0x00007f1ec9993937:   24 70 48 85 c0 74 62 48 8b 94 24 80 00 00 00 48
0x00007f1ec9993947:   8b 52 08 48 85 d2 74 04 48 8b 52 08 48 8b 80 38
0x00007f1ec9993957:   01 00 00 48 85 c0 74 c1 8b 48 34 85 c9 74 ba 7e
0x00007f1ec9993967:   1f 48 8b 40 10 83 e9 01 48 8d 4c 88 04 0f 1f 40
0x00007f1ec9993977:   00 8b 30 85 f6 75 aa 48 83 c0 04 48 39 c8 75 f1
0x00007f1ec9993987:   48 85 d2 74 94 8b 42 10 83 f8 03 77 6c 85 c0 74
0x00007f1ec9993997:   90 eb 86 66 0f 1f 44 00 00 4d 85 ed 74 0a b8 64
0x00007f1ec99939a7:   00 00 00 66 41 89 45 02 b8 01 00 00 00 48 8b 94
0x00007f1ec99939b7:   24 98 01 00 00 64 48 2b 14 25 28 00 00 00 0f 85
0x00007f1ec99939c7:   8c 03 00 00 48 81 c4 a8 01 00 00 5b 5d 41 5c 41
0x00007f1ec99939d7:   5d 41 5e 41 5f c3 0f 1f 00 4d 85 ed 0f 84 c7 01
0x00007f1ec99939e7:   00 00 48 8b 14 24 48 89 ee 48 89 df e8 98 72 00
0x00007f1ec99939f7:   00 e9 f8 fe ff ff 0f 1f 00 83 e8 05 83 f8 03 0f
0x00007f1ec9993a07:   86 14 ff ff ff e9 17 ff ff ff 0f 1f 80 00 00 00
0x00007f1ec9993a17:   00 31 f6 48 89 ef e8 ce 1f 17 00 8b 83 08 14 00
0x00007f1ec9993a27:   00 85 c0 0f 8f c0 01 00 00 48 8b 83 b0 09 00 00
0x00007f1ec9993a37:   80 78 0c 00 0f 85 d8 02 00 00 8b 83 d8 44 02 00
0x00007f1ec9993a47:   45 31 ff 85 c0 7f 20 eb 47 48 8b 87 b0 09 00 00
0x00007f1ec9993a57:   80 78 0c 00 0f 85 9f 01 00 00 49 83 c7 01 44 39
0x00007f1ec9993a67:   bb d8 44 02 00 7e 29 48 8b 83 e0 44 02 00 4a 8b
0x00007f1ec9993a77:   3c f8 44 8b 9f 08 14 00 00 45 85 db 7e cb e8 46
0x00007f1ec9993a87:   96 0e 00 49 83 c7 01 44 39 bb d8 44 02 00 7f d7
0x00007f1ec9993a97:   48 c7 44 24 30 00 00 00 00 4c 8d 7c 24 30 4c 89
0x00007f1ec9993aa7:   ff e8 23 f2 1a 00 48 8b 4c 24 08 4d 89 f9 4d 89
0x00007f1ec9993ab7:   e0 48 8b 14 24 be 01 00 00 00 48 89 df e8 87 b2
0x00007f1ec9993ac7:   ff ff 44 8b 93 d4 35 02 00 45 85 d2 74 0b 4c 89
0x00007f1ec9993ad7:   fe 48 89 df e8 b0 ae 03 00 8b 44 24 30 45 31 c9
0x00007f1ec9993ae7:   4d 89 f8 48 89 e9 c7 83 c4 44 02 00 00 00 00 00
0x00007f1ec9993af7:   4c 89 ea be 01 00 00 00 48 89 df 89 83 c0 44 02
0x00007f1ec9993b07:   00 48 c7 83 b4 44 02 00 00 00 00 00 66 44 89 8b
0x00007f1ec9993b17:   bc 44 02 00 48 89 9b f8 44 02 00 e8 69 ef ff ff
0x00007f1ec9993b27:   84 c0 0f 84 d6 01 00 00 31 f6 48 89 ef e8 b7 1e 


Stack slot to memory mapping:
stack at sp + 0 slots: 0x0 is NULL
stack at sp + 1 slots: 0x0 is NULL
stack at sp + 2 slots: 0x00007f1ef43ab390 points into unknown readable memory: 0x00007f1ef43ab390 | 90 b3 3a f4 1e 7f 00 00
stack at sp + 3 slots: 0x00007f1ef4010000 points into unknown readable memory: 0x0000000000000000 | 00 00 00 00 00 00 00 00
stack at sp + 4 slots: 0x00007f1ef4446708 points into unknown readable memory: 0x00007f1ef439a270 | 70 a2 39 f4 1e 7f 00 00
stack at sp + 5 slots: 0x608be23f6bd3e800 is an unknown value
stack at sp + 6 slots: 0x0 is NULL
stack at sp + 7 slots: 0x0000000000000001 is an unknown value


---------------  P R O C E S S  ---------------

Threads class SMR info:
_java_thread_list=0x00007f1ef4340200, length=15, elements={
0x00007f1ef4028fe0, 0x00007f1ef40fbf00, 0x00007f1ef40fd2c0, 0x00007f1ef40fe900,
0x00007f1ef40ffd80, 0x00007f1ef41011f0, 0x00007f1ef4102c00, 0x00007f1ef4104190,
0x00007f1ef410d650, 0x00007f1ef411a610, 0x00007f1ef42322b0, 0x00007f1ef4233120,
0x00007f1ef42c1930, 0x00007f1ef4318d40, 0x00007f1ef433ea20
}

Java Threads: ( => current thread )
=>0x00007f1ef4028fe0 JavaThread "main" [_thread_in_native, id=15042, stack(0x00007f1ef8bfe000,0x00007f1ef8cfe000)]
  0x00007f1ef40fbf00 JavaThread "Reference Handler" daemon [_thread_blocked, id=15049, stack(0x00007f1ecadc4000,0x00007f1ecaec4000)]
  0x00007f1ef40fd2c0 JavaThread "Finalizer" daemon [_thread_blocked, id=15050, stack(0x00007f1ecacc4000,0x00007f1ecadc4000)]
  0x00007f1ef40fe900 JavaThread "Signal Dispatcher" daemon [_thread_blocked, id=15051, stack(0x00007f1ecabc4000,0x00007f1ecacc4000)]
  0x00007f1ef40ffd80 JavaThread "Service Thread" daemon [_thread_blocked, id=15052, stack(0x00007f1ecaac4000,0x00007f1ecabc4000)]
  0x00007f1ef41011f0 JavaThread "Monitor Deflation Thread" daemon [_thread_blocked, id=15053, stack(0x00007f1eca9c4000,0x00007f1ecaac4000)]
  0x00007f1ef4102c00 JavaThread "C2 CompilerThread0" daemon [_thread_blocked, id=15054, stack(0x00007f1eca8c4000,0x00007f1eca9c4000)]
  0x00007f1ef4104190 JavaThread "C1 CompilerThread0" daemon [_thread_blocked, id=15055, stack(0x00007f1eca7c4000,0x00007f1eca8c4000)]
  0x00007f1ef410d650 JavaThread "Sweeper thread" daemon [_thread_blocked, id=15056, stack(0x00007f1eca6c4000,0x00007f1eca7c4000)]
  0x00007f1ef411a610 JavaThread "Common-Cleaner" daemon [_thread_blocked, id=15057, stack(0x00007f1eca5c4000,0x00007f1eca6c4000)]
  0x00007f1ef42322b0 JavaThread "Monitor Ctrl-Break" daemon [_thread_in_native, id=15058, stack(0x00007f1eca4c4000,0x00007f1eca5c4000)]
  0x00007f1ef4233120 JavaThread "Notification Thread" daemon [_thread_blocked, id=15059, stack(0x00007f1eca3c4000,0x00007f1eca4c4000)]
  0x00007f1ef42c1930 JavaThread "Java2D Disposer" daemon [_thread_blocked, id=15061, stack(0x00007f1ec9ea7000,0x00007f1ec9fa7000)]
  0x00007f1ef4318d40 JavaThread "process reaper" daemon [_thread_blocked, id=15063, stack(0x00007f1ec9e85000,0x00007f1ec9ea7000)]
  0x00007f1ef433ea20 JavaThread "JNA Cleaner" daemon [_thread_blocked, id=15064, stack(0x00007f1ec8aa6000,0x00007f1ec8ba6000)]

Other Threads:
  0x00007f1ef40f3f90 VMThread "VM Thread" [stack: 0x00007f1ecbcad000,0x00007f1ecbdad000] [id=15048]
  0x00007f1ef402b7f0 WatcherThread "VM Periodic Task Thread" [stack: 0x00007f1eca2c4000,0x00007f1eca3c4000] [id=15060]
  0x00007f1ef406a000 WorkerThread "GC Thread#0" [stack: 0x00007f1ef8084000,0x00007f1ef8184000] [id=15043]
  0x00007f1ef40730f0 ConcurrentGCThread "G1 Main Marker" [stack: 0x00007f1edaa84000,0x00007f1edab84000] [id=15044]
  0x00007f1ef4074010 WorkerThread "G1 Conc#0" [stack: 0x00007f1eda982000,0x00007f1edaa82000] [id=15045]
  0x00007f1ef4028580 ConcurrentGCThread "G1 Refine#0" [stack: 0x00007f1ed8078000,0x00007f1ed8178000] [id=15046]
  0x00007f1ef40cc470 ConcurrentGCThread "G1 Service" [stack: 0x00007f1ecbf00000,0x00007f1ecc000000] [id=15047]

Threads with active compile tasks:

VM state: not at safepoint (normal execution)

VM Mutex/Monitor currently owned by a thread: None

Heap address: 0x00000000c2a00000, size: 982 MB, Compressed Oops mode: 32-bit

CDS archive(s) mapped at: [0x0000000800000000-0x0000000800c4f000-0x0000000800c4f000), size 12906496, SharedBaseAddress: 0x0000000800000000, ArchiveRelocationMode: 0.
Compressed class space mapped at: 0x0000000801000000-0x0000000841000000, reserved size: 1073741824
Narrow klass base: 0x0000000800000000, Narrow klass shift: 0, Narrow klass range: 0x100000000

GC Precious Log:
 CardTable entry size: 512
 Card Set container configuration: InlinePtr #cards 5 size 8 Array Of Cards #cards 12 size 40 Howl #buckets 4 coarsen threshold 1843 Howl Bitmap #cards 512 size 80 coarsen threshold 460 Card regions per heap region 1 cards per card region 2048
 CPUs: 8 total, 8 available
 Memory: 3922M
 Large Page Support: Disabled
 NUMA Support: Disabled
 Compressed Oops: Enabled (32-bit)
 Heap Region Size: 1M
 Heap Min Capacity: 8M
 Heap Initial Capacity: 62M
 Heap Max Capacity: 982M
 Pre-touch: Disabled
 Parallel Workers: 8
 Concurrent Workers: 2
 Concurrent Refinement Workers: 8
 Periodic GC: Disabled

Heap:
 garbage-first heap   total 65536K, used 18400K [0x00000000c2a00000, 0x0000000100000000)
  region size 1024K, 13 young (13312K), 0 survivors (0K)
 Metaspace       used 5035K, committed 5184K, reserved 1114112K
  class space    used 460K, committed 512K, reserved 1048576K

Heap Regions: E=young(eden), S=young(survivor), O=old, HS=humongous(starts), HC=humongous(continues), CS=collection set, F=free, OA=open archive, CA=closed archive, TAMS=top-at-mark-start (previous, next)
|   0|0x00000000c2a00000, 0x00000000c2b00000, 0x00000000c2b00000|100%|HS|  |TAMS 0x00000000c2a00000, 0x00000000c2a00000| Complete 
|   1|0x00000000c2b00000, 0x00000000c2c00000, 0x00000000c2c00000|100%|HC|  |TAMS 0x00000000c2b00000, 0x00000000c2b00000| Complete 
|   2|0x00000000c2c00000, 0x00000000c2d00000, 0x00000000c2d00000|100%|HS|  |TAMS 0x00000000c2c00000, 0x00000000c2c00000| Complete 
|   3|0x00000000c2d00000, 0x00000000c2e00000, 0x00000000c2e00000|100%|HC|  |TAMS 0x00000000c2d00000, 0x00000000c2d00000| Complete 
|   4|0x00000000c2e00000, 0x00000000c2f00000, 0x00000000c2f00000|100%|HS|  |TAMS 0x00000000c2e00000, 0x00000000c2e00000| Complete 
|   5|0x00000000c2f00000, 0x00000000c3000000, 0x00000000c3000000|100%|HC|  |TAMS 0x00000000c2f00000, 0x00000000c2f00000| Complete 
|   6|0x00000000c3000000, 0x00000000c3000000, 0x00000000c3100000|  0%| F|  |TAMS 0x00000000c3000000, 0x00000000c3000000| Untracked 
|   7|0x00000000c3100000, 0x00000000c3100000, 0x00000000c3200000|  0%| F|  |TAMS 0x00000000c3100000, 0x00000000c3100000| Untracked 
|   8|0x00000000c3200000, 0x00000000c3200000, 0x00000000c3300000|  0%| F|  |TAMS 0x00000000c3200000, 0x00000000c3200000| Untracked 
|   9|0x00000000c3300000, 0x00000000c3300000, 0x00000000c3400000|  0%| F|  |TAMS 0x00000000c3300000, 0x00000000c3300000| Untracked 
|  10|0x00000000c3400000, 0x00000000c3400000, 0x00000000c3500000|  0%| F|  |TAMS 0x00000000c3400000, 0x00000000c3400000| Untracked 
|  11|0x00000000c3500000, 0x00000000c3500000, 0x00000000c3600000|  0%| F|  |TAMS 0x00000000c3500000, 0x00000000c3500000| Untracked 
|  12|0x00000000c3600000, 0x00000000c3600000, 0x00000000c3700000|  0%| F|  |TAMS 0x00000000c3600000, 0x00000000c3600000| Untracked 
|  13|0x00000000c3700000, 0x00000000c3700000, 0x00000000c3800000|  0%| F|  |TAMS 0x00000000c3700000, 0x00000000c3700000| Untracked 
|  14|0x00000000c3800000, 0x00000000c3800000, 0x00000000c3900000|  0%| F|  |TAMS 0x00000000c3800000, 0x00000000c3800000| Untracked 
|  15|0x00000000c3900000, 0x00000000c3900000, 0x00000000c3a00000|  0%| F|  |TAMS 0x00000000c3900000, 0x00000000c3900000| Untracked 
|  16|0x00000000c3a00000, 0x00000000c3a00000, 0x00000000c3b00000|  0%| F|  |TAMS 0x00000000c3a00000, 0x00000000c3a00000| Untracked 
|  17|0x00000000c3b00000, 0x00000000c3b00000, 0x00000000c3c00000|  0%| F|  |TAMS 0x00000000c3b00000, 0x00000000c3b00000| Untracked 
|  18|0x00000000c3c00000, 0x00000000c3c00000, 0x00000000c3d00000|  0%| F|  |TAMS 0x00000000c3c00000, 0x00000000c3c00000| Untracked 
|  19|0x00000000c3d00000, 0x00000000c3d00000, 0x00000000c3e00000|  0%| F|  |TAMS 0x00000000c3d00000, 0x00000000c3d00000| Untracked 
|  20|0x00000000c3e00000, 0x00000000c3e00000, 0x00000000c3f00000|  0%| F|  |TAMS 0x00000000c3e00000, 0x00000000c3e00000| Untracked 
|  21|0x00000000c3f00000, 0x00000000c3f00000, 0x00000000c4000000|  0%| F|  |TAMS 0x00000000c3f00000, 0x00000000c3f00000| Untracked 
|  22|0x00000000c4000000, 0x00000000c4000000, 0x00000000c4100000|  0%| F|  |TAMS 0x00000000c4000000, 0x00000000c4000000| Untracked 
|  23|0x00000000c4100000, 0x00000000c4100000, 0x00000000c4200000|  0%| F|  |TAMS 0x00000000c4100000, 0x00000000c4100000| Untracked 
|  24|0x00000000c4200000, 0x00000000c4200000, 0x00000000c4300000|  0%| F|  |TAMS 0x00000000c4200000, 0x00000000c4200000| Untracked 
|  25|0x00000000c4300000, 0x00000000c4300000, 0x00000000c4400000|  0%| F|  |TAMS 0x00000000c4300000, 0x00000000c4300000| Untracked 
|  26|0x00000000c4400000, 0x00000000c4400000, 0x00000000c4500000|  0%| F|  |TAMS 0x00000000c4400000, 0x00000000c4400000| Untracked 
|  27|0x00000000c4500000, 0x00000000c4500000, 0x00000000c4600000|  0%| F|  |TAMS 0x00000000c4500000, 0x00000000c4500000| Untracked 
|  28|0x00000000c4600000, 0x00000000c4600000, 0x00000000c4700000|  0%| F|  |TAMS 0x00000000c4600000, 0x00000000c4600000| Untracked 
|  29|0x00000000c4700000, 0x00000000c4700000, 0x00000000c4800000|  0%| F|  |TAMS 0x00000000c4700000, 0x00000000c4700000| Untracked 
|  30|0x00000000c4800000, 0x00000000c4800000, 0x00000000c4900000|  0%| F|  |TAMS 0x00000000c4800000, 0x00000000c4800000| Untracked 
|  31|0x00000000c4900000, 0x00000000c4900000, 0x00000000c4a00000|  0%| F|  |TAMS 0x00000000c4900000, 0x00000000c4900000| Untracked 
|  32|0x00000000c4a00000, 0x00000000c4a00000, 0x00000000c4b00000|  0%| F|  |TAMS 0x00000000c4a00000, 0x00000000c4a00000| Untracked 
|  33|0x00000000c4b00000, 0x00000000c4b00000, 0x00000000c4c00000|  0%| F|  |TAMS 0x00000000c4b00000, 0x00000000c4b00000| Untracked 
|  34|0x00000000c4c00000, 0x00000000c4c00000, 0x00000000c4d00000|  0%| F|  |TAMS 0x00000000c4c00000, 0x00000000c4c00000| Untracked 
|  35|0x00000000c4d00000, 0x00000000c4d00000, 0x00000000c4e00000|  0%| F|  |TAMS 0x00000000c4d00000, 0x00000000c4d00000| Untracked 
|  36|0x00000000c4e00000, 0x00000000c4e00000, 0x00000000c4f00000|  0%| F|  |TAMS 0x00000000c4e00000, 0x00000000c4e00000| Untracked 
|  37|0x00000000c4f00000, 0x00000000c4f00000, 0x00000000c5000000|  0%| F|  |TAMS 0x00000000c4f00000, 0x00000000c4f00000| Untracked 
|  38|0x00000000c5000000, 0x00000000c5000000, 0x00000000c5100000|  0%| F|  |TAMS 0x00000000c5000000, 0x00000000c5000000| Untracked 
|  39|0x00000000c5100000, 0x00000000c5100000, 0x00000000c5200000|  0%| F|  |TAMS 0x00000000c5100000, 0x00000000c5100000| Untracked 
|  40|0x00000000c5200000, 0x00000000c5200000, 0x00000000c5300000|  0%| F|  |TAMS 0x00000000c5200000, 0x00000000c5200000| Untracked 
|  41|0x00000000c5300000, 0x00000000c5300000, 0x00000000c5400000|  0%| F|  |TAMS 0x00000000c5300000, 0x00000000c5300000| Untracked 
|  42|0x00000000c5400000, 0x00000000c5400000, 0x00000000c5500000|  0%| F|  |TAMS 0x00000000c5400000, 0x00000000c5400000| Untracked 
|  43|0x00000000c5500000, 0x00000000c5500000, 0x00000000c5600000|  0%| F|  |TAMS 0x00000000c5500000, 0x00000000c5500000| Untracked 
|  44|0x00000000c5600000, 0x00000000c5600000, 0x00000000c5700000|  0%| F|  |TAMS 0x00000000c5600000, 0x00000000c5600000| Untracked 
|  45|0x00000000c5700000, 0x00000000c5700000, 0x00000000c5800000|  0%| F|  |TAMS 0x00000000c5700000, 0x00000000c5700000| Untracked 
|  46|0x00000000c5800000, 0x00000000c5800000, 0x00000000c5900000|  0%| F|  |TAMS 0x00000000c5800000, 0x00000000c5800000| Untracked 
|  47|0x00000000c5900000, 0x00000000c5900000, 0x00000000c5a00000|  0%| F|  |TAMS 0x00000000c5900000, 0x00000000c5900000| Untracked 
|  48|0x00000000c5a00000, 0x00000000c5a00000, 0x00000000c5b00000|  0%| F|  |TAMS 0x00000000c5a00000, 0x00000000c5a00000| Untracked 
|  49|0x00000000c5b00000, 0x00000000c5b76f78, 0x00000000c5c00000| 46%| E|  |TAMS 0x00000000c5b00000, 0x00000000c5b00000| Complete 
|  50|0x00000000c5c00000, 0x00000000c5d00000, 0x00000000c5d00000|100%| E|CS|TAMS 0x00000000c5c00000, 0x00000000c5c00000| Complete 
|  51|0x00000000c5d00000, 0x00000000c5e00000, 0x00000000c5e00000|100%| E|CS|TAMS 0x00000000c5d00000, 0x00000000c5d00000| Complete 
|  52|0x00000000c5e00000, 0x00000000c5f00000, 0x00000000c5f00000|100%| E|CS|TAMS 0x00000000c5e00000, 0x00000000c5e00000| Complete 
|  53|0x00000000c5f00000, 0x00000000c6000000, 0x00000000c6000000|100%| E|CS|TAMS 0x00000000c5f00000, 0x00000000c5f00000| Complete 
|  54|0x00000000c6000000, 0x00000000c6100000, 0x00000000c6100000|100%| E|CS|TAMS 0x00000000c6000000, 0x00000000c6000000| Complete 
|  55|0x00000000c6100000, 0x00000000c6200000, 0x00000000c6200000|100%| E|CS|TAMS 0x00000000c6100000, 0x00000000c6100000| Complete 
|  56|0x00000000c6200000, 0x00000000c6300000, 0x00000000c6300000|100%| E|CS|TAMS 0x00000000c6200000, 0x00000000c6200000| Complete 
|  57|0x00000000c6300000, 0x00000000c6400000, 0x00000000c6400000|100%| E|CS|TAMS 0x00000000c6300000, 0x00000000c6300000| Complete 
|  58|0x00000000c6400000, 0x00000000c6500000, 0x00000000c6500000|100%| E|CS|TAMS 0x00000000c6400000, 0x00000000c6400000| Complete 
|  59|0x00000000c6500000, 0x00000000c6600000, 0x00000000c6600000|100%| E|CS|TAMS 0x00000000c6500000, 0x00000000c6500000| Complete 
|  60|0x00000000c6600000, 0x00000000c6700000, 0x00000000c6700000|100%| E|  |TAMS 0x00000000c6600000, 0x00000000c6600000| Complete 
|  61|0x00000000c6700000, 0x00000000c6800000, 0x00000000c6800000|100%| E|CS|TAMS 0x00000000c6700000, 0x00000000c6700000| Complete 
| 980|0x00000000ffe00000, 0x00000000ffe77000, 0x00000000fff00000| 46%|OA|  |TAMS 0x00000000ffe00000, 0x00000000ffe00000| Untracked 
| 981|0x00000000fff00000, 0x00000000fff81000, 0x0000000100000000| 50%|CA|  |TAMS 0x00000000fff00000, 0x00000000fff00000| Untracked 

Card table byte_map: [0x00007f1edcc1f000,0x00007f1edce0a000] _byte_map_base: 0x00007f1edc60a000

Marking Bits (Prev, Next): (CMBitMap*) 0x00007f1ef406aa90, (CMBitMap*) 0x00007f1ef406aad0
 Prev Bits: [0x00007f1edbadc000, 0x00007f1edca34000)
 Next Bits: [0x00007f1edab84000, 0x00007f1edbadc000)

Polling page: 0x00007f1efa3bf000

Metaspace:

Usage:
  Non-class:      4.47 MB used.
      Class:    460.45 KB used.
       Both:      4.92 MB used.

Virtual space:
  Non-class space:       64.00 MB reserved,       4.56 MB (  7%) committed,  1 nodes.
      Class space:        1.00 GB reserved,     512.00 KB ( <1%) committed,  1 nodes.
             Both:        1.06 GB reserved,       5.06 MB ( <1%) committed. 

Chunk freelists:
   Non-Class:  2.89 MB
       Class:  3.50 MB
        Both:  6.39 MB

MaxMetaspaceSize: unlimited
CompressedClassSpaceSize: 1.00 GB
Initial GC threshold: 21.00 MB
Current GC threshold: 21.00 MB
CDS: on
MetaspaceReclaimPolicy: balanced
 - commit_granule_bytes: 65536.
 - commit_granule_words: 8192.
 - virtual_space_node_default_size: 8388608.
 - enlarge_chunks_in_place: 1.
 - new_chunks_are_fully_committed: 0.
 - uncommit_free_chunks: 1.
 - use_allocation_guard: 0.


Internal statistics:

num_allocs_failed_limit: 0.
num_arena_births: 110.
num_arena_deaths: 0.
num_vsnodes_births: 2.
num_vsnodes_deaths: 0.
num_space_committed: 81.
num_space_uncommitted: 0.
num_chunks_returned_to_freelist: 0.
num_chunks_taken_from_freelist: 178.
num_chunk_merges: 0.
num_chunk_splits: 118.
num_chunks_enlarged: 81.
num_inconsistent_stats: 0.

CodeHeap 'non-profiled nmethods': size=120028Kb used=256Kb max_used=256Kb free=119771Kb
 bounds [0x00007f1ee4abe000, 0x00007f1ee4d2e000, 0x00007f1eebff5000]
CodeHeap 'profiled nmethods': size=120028Kb used=1202Kb max_used=1202Kb free=118825Kb
 bounds [0x00007f1edcff5000, 0x00007f1edd265000, 0x00007f1ee452c000]
CodeHeap 'non-nmethods': size=5704Kb used=1259Kb max_used=1275Kb free=4444Kb
 bounds [0x00007f1ee452c000, 0x00007f1ee479c000, 0x00007f1ee4abe000]
 total_blobs=1268 nmethods=787 adapters=393
 compilation: enabled
              stopped_count=0, restarted_count=0
 full_count=0

Compilation events (20 events):
Event: 0.575 Thread 0x00007f1ef4104190 nmethod 778 0x00007f1edd11bd10 code [0x00007f1edd11bee0, 0x00007f1edd11c0c0]
Event: 0.575 Thread 0x00007f1ef4104190  779       3       javax.imageio.ImageReader::processImageProgress (56 bytes)
Event: 0.575 Thread 0x00007f1ef4104190 nmethod 779 0x00007f1edd11c190 code [0x00007f1edd11c380, 0x00007f1edd11c8c0]
Event: 0.575 Thread 0x00007f1ef4104190  780       3       java.io.FilterInputStream::read (8 bytes)
Event: 0.575 Thread 0x00007f1ef4104190 nmethod 780 0x00007f1edd11ca90 code [0x00007f1edd11cc40, 0x00007f1edd11ce00]
Event: 0.575 Thread 0x00007f1ef4104190  781   !   3       java.io.BufferedInputStream::read (54 bytes)
Event: 0.576 Thread 0x00007f1ef4104190 nmethod 781 0x00007f1edd11cf10 code [0x00007f1edd11d1c0, 0x00007f1edd11de70]
Event: 0.576 Thread 0x00007f1ef4104190  782       3       sun.awt.image.ByteInterleavedRaster::getByteData (851 bytes)
Event: 0.577 Thread 0x00007f1ef4104190 nmethod 782 0x00007f1edd11e310 code [0x00007f1edd11e620, 0x00007f1edd11ff20]
Event: 0.578 Thread 0x00007f1ef4104190  783       3       sun.awt.image.ByteInterleavedRaster::getDataElements (15 bytes)
Event: 0.578 Thread 0x00007f1ef4104190 nmethod 783 0x00007f1edd120a90 code [0x00007f1edd120c40, 0x00007f1edd120e60]
Event: 0.578 Thread 0x00007f1ef4104190  784       3       sun.awt.image.ByteInterleavedRaster::setDataElements (15 bytes)
Event: 0.578 Thread 0x00007f1ef4104190 nmethod 784 0x00007f1edd120f10 code [0x00007f1edd1210c0, 0x00007f1edd1212e0]
Event: 0.582 Thread 0x00007f1ef4102c00 nmethod 772% 0x00007f1ee4afbd10 code [0x00007f1ee4afbec0, 0x00007f1ee4afc698]
Event: 0.582 Thread 0x00007f1ef4102c00  785 %     4       sun.awt.image.ByteInterleavedRaster::getByteData @ 646 (851 bytes)
Event: 0.586 Thread 0x00007f1ef4104190  787       3       java.util.zip.ZipUtils::CENSIZ (9 bytes)
Event: 0.586 Thread 0x00007f1ef4104190 nmethod 787 0x00007f1edd121390 code [0x00007f1edd121540, 0x00007f1edd121810]
Event: 0.591 Thread 0x00007f1ef4102c00 nmethod 785% 0x00007f1ee4afc990 code [0x00007f1ee4afcb20, 0x00007f1ee4afd358]
Event: 0.591 Thread 0x00007f1ef4102c00  786       4       sun.awt.image.ByteInterleavedRaster::putByteData (834 bytes)
Event: 0.599 Thread 0x00007f1ef4102c00 nmethod 786 0x00007f1ee4afd610 code [0x00007f1ee4afd7c0, 0x00007f1ee4afde58]

GC Heap History (0 events):
No events

Dll operation events (12 events):
Event: 0.002 Loaded shared library /home/assiph/.jdks/openjdk-19.0.1/lib/libjava.so
Event: 0.014 Loaded shared library /home/assiph/.jdks/openjdk-19.0.1/lib/libjsvml.so
Event: 0.088 Loaded shared library /home/assiph/.jdks/openjdk-19.0.1/lib/libzip.so
Event: 0.089 Loaded shared library /home/assiph/.jdks/openjdk-19.0.1/lib/libinstrument.so
Event: 0.093 Loaded shared library /home/assiph/.jdks/openjdk-19.0.1/lib/libnio.so
Event: 0.097 Loaded shared library /home/assiph/.jdks/openjdk-19.0.1/lib/libzip.so
Event: 0.123 Loaded shared library /home/assiph/.jdks/openjdk-19.0.1/lib/libnet.so
Event: 0.128 Loaded shared library /home/assiph/.jdks/openjdk-19.0.1/lib/libextnet.so
Event: 0.146 Loaded shared library /home/assiph/.jdks/openjdk-19.0.1/lib/libjimage.so
Event: 0.208 Loaded shared library /home/assiph/.jdks/openjdk-19.0.1/lib/libawt.so
Event: 0.211 Loaded shared library /home/assiph/.jdks/openjdk-19.0.1/lib/libawt_xawt.so
Event: 0.406 Loaded shared library /home/assiph/.cache/JNA/temp/jna4238990651298671614.tmp

Deoptimization events (20 events):
Event: 0.583 Thread 0x00007f1ef4028fe0 DEOPT PACKING pc=0x00007f1edd117878 sp=0x00007f1ef8cfc440
Event: 0.583 Thread 0x00007f1ef4028fe0 DEOPT UNPACKING pc=0x00007f1ee4592a2f sp=0x00007f1ef8cfb938 mode 0
Event: 0.583 Thread 0x00007f1ef4028fe0 DEOPT PACKING pc=0x00007f1edd117878 sp=0x00007f1ef8cfc440
Event: 0.583 Thread 0x00007f1ef4028fe0 DEOPT UNPACKING pc=0x00007f1ee4592a2f sp=0x00007f1ef8cfb938 mode 0
Event: 0.583 Thread 0x00007f1ef4028fe0 DEOPT PACKING pc=0x00007f1edd117878 sp=0x00007f1ef8cfc440
Event: 0.583 Thread 0x00007f1ef4028fe0 DEOPT UNPACKING pc=0x00007f1ee4592a2f sp=0x00007f1ef8cfb938 mode 0
Event: 0.584 Thread 0x00007f1ef4028fe0 DEOPT PACKING pc=0x00007f1edd117878 sp=0x00007f1ef8cfc440
Event: 0.584 Thread 0x00007f1ef4028fe0 DEOPT UNPACKING pc=0x00007f1ee4592a2f sp=0x00007f1ef8cfb938 mode 0
Event: 0.584 Thread 0x00007f1ef4028fe0 DEOPT PACKING pc=0x00007f1edd117878 sp=0x00007f1ef8cfc440
Event: 0.584 Thread 0x00007f1ef4028fe0 DEOPT UNPACKING pc=0x00007f1ee4592a2f sp=0x00007f1ef8cfb938 mode 0
Event: 0.584 Thread 0x00007f1ef4028fe0 DEOPT PACKING pc=0x00007f1edd117878 sp=0x00007f1ef8cfc440
Event: 0.584 Thread 0x00007f1ef4028fe0 DEOPT UNPACKING pc=0x00007f1ee4592a2f sp=0x00007f1ef8cfb938 mode 0
Event: 0.584 Thread 0x00007f1ef4028fe0 DEOPT PACKING pc=0x00007f1edd117878 sp=0x00007f1ef8cfc440
Event: 0.584 Thread 0x00007f1ef4028fe0 DEOPT UNPACKING pc=0x00007f1ee4592a2f sp=0x00007f1ef8cfb938 mode 0
Event: 0.584 Thread 0x00007f1ef4028fe0 DEOPT PACKING pc=0x00007f1edd117878 sp=0x00007f1ef8cfc440
Event: 0.584 Thread 0x00007f1ef4028fe0 DEOPT UNPACKING pc=0x00007f1ee4592a2f sp=0x00007f1ef8cfb938 mode 0
Event: 0.584 Thread 0x00007f1ef4028fe0 DEOPT PACKING pc=0x00007f1edd117878 sp=0x00007f1ef8cfc440
Event: 0.584 Thread 0x00007f1ef4028fe0 DEOPT UNPACKING pc=0x00007f1ee4592a2f sp=0x00007f1ef8cfb938 mode 0
Event: 0.585 Thread 0x00007f1ef4028fe0 DEOPT PACKING pc=0x00007f1edd117878 sp=0x00007f1ef8cfc440
Event: 0.585 Thread 0x00007f1ef4028fe0 DEOPT UNPACKING pc=0x00007f1ee4592a2f sp=0x00007f1ef8cfb938 mode 0

Classes loaded (20 events):
Event: 0.549 Loading class java/awt/Image done
Event: 0.549 Loading class java/awt/image/BufferedImage done
Event: 0.549 Loading class java/awt/ImageCapabilities
Event: 0.549 Loading class java/awt/ImageCapabilities done
Event: 0.549 Loading class java/awt/Image$1
Event: 0.549 Loading class sun/awt/image/SurfaceManager$ImageAccessor
Event: 0.549 Loading class sun/awt/image/SurfaceManager$ImageAccessor done
Event: 0.549 Loading class java/awt/Image$1 done
Event: 0.549 Loading class sun/awt/image/SurfaceManager
Event: 0.549 Loading class sun/awt/image/SurfaceManager done
Event: 0.549 Loading class java/awt/image/BufferedImage$1
Event: 0.549 Loading class java/awt/image/BufferedImage$1 done
Event: 0.549 Loading class sun/awt/image/IntegerComponentRaster
Event: 0.549 Loading class sun/awt/image/IntegerComponentRaster done
Event: 0.549 Loading class sun/awt/image/ShortComponentRaster
Event: 0.550 Loading class sun/awt/image/ShortComponentRaster done
Event: 0.550 Loading class com/sun/imageio/plugins/common/ReaderUtil
Event: 0.550 Loading class com/sun/imageio/plugins/common/ReaderUtil done
Event: 0.575 Loading class javax/imageio/IIOImage
Event: 0.575 Loading class javax/imageio/IIOImage done

Classes unloaded (0 events):
No events

Classes redefined (0 events):
No events

Internal exceptions (17 events):
Event: 0.112 Thread 0x00007f1ef4028fe0 Implicit null exception at 0x00007f1ee4ac9ad5 to 0x00007f1ee4ac9c2c
Event: 0.112 Thread 0x00007f1ef4028fe0 Exception <a 'java/lang/NoSuchMethodError'{0x00000000c6559748}: 'void java.lang.invoke.DirectMethodHandle$Holder.invokeStatic(java.lang.Object, java.lang.Object, java.lang.Object)'> (0x00000000c6559748) 
thrown [open/src/hotspot/share/interpreter/linkResolver.cpp, line 773]
Event: 0.119 Thread 0x00007f1ef4028fe0 Exception <a 'java/lang/NoSuchMethodError'{0x00000000c6571bd0}: 'java.lang.Object java.lang.invoke.Invokers$Holder.invokeExact_MT(java.lang.Object, java.lang.Object, java.lang.Object, java.lang.Object, java.lang.Object)'> (0x00000000c6571bd0) 
thrown [open/src/hotspot/share/interpreter/linkResolver.cpp, line 773]
Event: 0.130 Thread 0x00007f1ef42322b0 Exception <a 'java/lang/NoSuchMethodError'{0x00000000c659d6f0}: 'void java.lang.invoke.DirectMethodHandle$Holder.invokeStatic(java.lang.Object, java.lang.Object)'> (0x00000000c659d6f0) 
thrown [open/src/hotspot/share/interpreter/linkResolver.cpp, line 773]
Event: 0.192 Thread 0x00007f1ef4028fe0 Exception <a 'java/lang/ClassNotFoundException'{0x00000000c64e06f8}: sun/awt/resources/spi/awtProvider> (0x00000000c64e06f8) 
thrown [open/src/hotspot/share/classfile/systemDictionary.cpp, line 255]
Event: 0.232 Thread 0x00007f1ef4028fe0 Exception <a 'java/io/FileNotFoundException'{0x00000000c63398c0}> (0x00000000c63398c0) 
thrown [open/src/hotspot/share/prims/jni.cpp, line 517]
Event: 0.249 Thread 0x00007f1ef4028fe0 Exception <a 'java/io/FileNotFoundException'{0x00000000c6365a50}> (0x00000000c6365a50) 
thrown [open/src/hotspot/share/prims/jni.cpp, line 517]
Event: 0.351 Thread 0x00007f1ef4028fe0 Exception <a 'java/lang/NoSuchMethodError'{0x00000000c62fad48}: 'java.lang.Object java.lang.invoke.DirectMethodHandle$Holder.invokeStaticInit(java.lang.Object)'> (0x00000000c62fad48) 
thrown [open/src/hotspot/share/interpreter/linkResolver.cpp, line 773]
Event: 0.446 Thread 0x00007f1ef4028fe0 Exception <a 'java/lang/NoSuchMethodError'{0x00000000c6086570}: 'java.lang.Object java.lang.invoke.DirectMethodHandle$Holder.invokeStatic(java.lang.Object, long, java.lang.Object)'> (0x00000000c6086570) 
thrown [open/src/hotspot/share/interpreter/linkResolver.cpp, line 773]
Event: 0.447 Thread 0x00007f1ef4028fe0 Exception <a 'java/lang/NoSuchMethodError'{0x00000000c6089fa0}: 'java.lang.Object java.lang.invoke.DirectMethodHandle$Holder.invokeStaticInit(java.lang.Object, long, java.lang.Object)'> (0x00000000c6089fa0) 
thrown [open/src/hotspot/share/interpreter/linkResolver.cpp, line 773]
Event: 0.450 Thread 0x00007f1ef4028fe0 Exception <a 'java/lang/NoSuchMethodError'{0x00000000c608ff78}: 'java.lang.Object java.lang.invoke.DirectMethodHandle$Holder.newInvokeSpecial(java.lang.Object, long)'> (0x00000000c608ff78) 
thrown [open/src/hotspot/share/interpreter/linkResolver.cpp, line 773]
Event: 0.455 Thread 0x00007f1ef4028fe0 Exception <a 'java/lang/NoSuchMethodError'{0x00000000c6098418}: 'java.lang.Object java.lang.invoke.DirectMethodHandle$Holder.newInvokeSpecial(java.lang.Object, java.lang.Object, java.lang.Object, int)'> (0x00000000c6098418) 
thrown [open/src/hotspot/share/interpreter/linkResolver.cpp, line 773]
Event: 0.456 Thread 0x00007f1ef4028fe0 Exception <a 'java/lang/NoSuchMethodError'{0x00000000c609c810}: 'java.lang.Object java.lang.invoke.DirectMethodHandle$Holder.invokeSpecial(java.lang.Object, java.lang.Object, java.lang.Object, java.lang.Object, int)'> (0x00000000c609c810) 
thrown [open/src/hotspot/share/interpreter/linkResolver.cpp, line 773]
Event: 0.456 Thread 0x00007f1ef4028fe0 Exception <a 'java/lang/NoSuchMethodError'{0x00000000c60a03e8}: 'java.lang.Object java.lang.invoke.Invokers$Holder.linkToTargetMethod(java.lang.Object, java.lang.Object, int, java.lang.Object)'> (0x00000000c60a03e8) 
thrown [open/src/hotspot/share/interpreter/linkResolver.cpp, line 773]
Event: 0.472 Thread 0x00007f1ef4028fe0 Exception <a 'java/lang/UnsatisfiedLinkError'{0x00000000c60e4ca0}: libtesseract.so: cannot open shared object file: No such file or directory> (0x00000000c60e4ca0) 
thrown [open/src/hotspot/share/prims/jni.cpp, line 536]
Event: 0.472 Thread 0x00007f1ef4028fe0 Exception <a 'java/lang/UnsatisfiedLinkError'{0x00000000c60e60b0}: libtesseract.so: cannot open shared object file: No such file or directory> (0x00000000c60e60b0) 
thrown [open/src/hotspot/share/prims/jni.cpp, line 536]
Event: 0.534 Thread 0x00007f1ef4028fe0 Exception <a 'java/lang/NoSuchMethodError'{0x00000000c5ddf810}: 'int java.lang.invoke.DirectMethodHandle$Holder.invokeSpecial(java.lang.Object, java.lang.Object, java.lang.Object)'> (0x00000000c5ddf810) 
thrown [open/src/hotspot/share/interpreter/linkResolver.cpp, line 773]

VM Operations (10 events):
Event: 0.067 Executing VM operation: HandshakeAllThreads
Event: 0.067 Executing VM operation: HandshakeAllThreads done
Event: 0.124 Executing VM operation: HandshakeAllThreads
Event: 0.124 Executing VM operation: HandshakeAllThreads done
Event: 0.152 Executing VM operation: HandshakeAllThreads
Event: 0.152 Executing VM operation: HandshakeAllThreads done
Event: 0.183 Executing VM operation: HandshakeAllThreads
Event: 0.183 Executing VM operation: HandshakeAllThreads done
Event: 0.187 Executing VM operation: HandshakeAllThreads
Event: 0.187 Executing VM operation: HandshakeAllThreads done

Events (20 events):
Event: 0.022 Thread 0x00007f1ef41011f0 Thread added: 0x00007f1ef41011f0
Event: 0.022 Protecting memory [0x00007f1eca9c4000,0x00007f1eca9c8000] with protection modes 0
Event: 0.022 Thread 0x00007f1ef4102c00 Thread added: 0x00007f1ef4102c00
Event: 0.023 Protecting memory [0x00007f1eca8c4000,0x00007f1eca8c8000] with protection modes 0
Event: 0.023 Thread 0x00007f1ef4104190 Thread added: 0x00007f1ef4104190
Event: 0.023 Protecting memory [0x00007f1eca7c4000,0x00007f1eca7c8000] with protection modes 0
Event: 0.023 Thread 0x00007f1ef410d650 Thread added: 0x00007f1ef410d650
Event: 0.023 Protecting memory [0x00007f1eca6c4000,0x00007f1eca6c8000] with protection modes 0
Event: 0.056 Thread 0x00007f1ef411a610 Thread added: 0x00007f1ef411a610
Event: 0.056 Protecting memory [0x00007f1eca5c4000,0x00007f1eca5c8000] with protection modes 0
Event: 0.122 Thread 0x00007f1ef42322b0 Thread added: 0x00007f1ef42322b0
Event: 0.122 Protecting memory [0x00007f1eca4c4000,0x00007f1eca4c8000] with protection modes 0
Event: 0.122 Thread 0x00007f1ef4233120 Thread added: 0x00007f1ef4233120
Event: 0.122 Protecting memory [0x00007f1eca3c4000,0x00007f1eca3c8000] with protection modes 0
Event: 0.354 Thread 0x00007f1ef42c1930 Thread added: 0x00007f1ef42c1930
Event: 0.354 Protecting memory [0x00007f1ec9ea7000,0x00007f1ec9eab000] with protection modes 0
Event: 0.459 Thread 0x00007f1ef4318d40 Thread added: 0x00007f1ef4318d40
Event: 0.459 Protecting memory [0x00007f1ec9e85000,0x00007f1ec9e89000] with protection modes 0
Event: 0.494 Thread 0x00007f1ef433ea20 Thread added: 0x00007f1ef433ea20
Event: 0.494 Protecting memory [0x00007f1ec8aa6000,0x00007f1ec8aaa000] with protection modes 0


Dynamic libraries:
c2a00000-c6800000 rw-p 00000000 00:00 0 
c6800000-ffe00000 ---p 00000000 00:00 0 
ffe00000-ffe77000 rw-p 00d0a000 08:03 1311141                            /home/assiph/.jdks/openjdk-19.0.1/lib/server/classes.jsa
ffe77000-fff00000 rw-p 00000000 00:00 0 
fff00000-fff81000 rw-p 00c89000 08:03 1311141                            /home/assiph/.jdks/openjdk-19.0.1/lib/server/classes.jsa
fff81000-100000000 rw-p 00000000 00:00 0 
800000000-800471000 rw-p 00001000 08:03 1311141                          /home/assiph/.jdks/openjdk-19.0.1/lib/server/classes.jsa
800471000-800c4f000 r--p 00472000 08:03 1311141                          /home/assiph/.jdks/openjdk-19.0.1/lib/server/classes.jsa
800c4f000-801000000 ---p 00000000 00:00 0 
801000000-801040000 rw-p 00000000 00:00 0 
801040000-801080000 rw-p 00000000 00:00 0 
801080000-841000000 ---p 00000000 00:00 0 
558f3dc68000-558f3dc69000 r-xp 00000000 08:03 1053826                    /home/assiph/.jdks/openjdk-19.0.1/bin/java
558f3dc6a000-558f3dc6b000 r--p 00001000 08:03 1053826                    /home/assiph/.jdks/openjdk-19.0.1/bin/java
558f3dc6b000-558f3dc6c000 rw-p 00002000 08:03 1053826                    /home/assiph/.jdks/openjdk-19.0.1/bin/java
558f3fb1f000-558f3fb67000 rw-p 00000000 00:00 0                          [heap]
7f1e78000000-7f1e78021000 rw-p 00000000 00:00 0 
7f1e78021000-7f1e7c000000 ---p 00000000 00:00 0 
7f1e7c000000-7f1e7c021000 rw-p 00000000 00:00 0 
7f1e7c021000-7f1e80000000 ---p 00000000 00:00 0 
7f1e823e2000-7f1e823e3000 r--p 00000000 08:03 2366218                    /usr/lib/x86_64-linux-gnu/libicudata.so.70.1
7f1e823e3000-7f1e823e4000 r-xp 00001000 08:03 2366218                    /usr/lib/x86_64-linux-gnu/libicudata.so.70.1
7f1e823e4000-7f1e83ffe000 r--p 00002000 08:03 2366218                    /usr/lib/x86_64-linux-gnu/libicudata.so.70.1
7f1e83ffe000-7f1e83fff000 r--p 01c1b000 08:03 2366218                    /usr/lib/x86_64-linux-gnu/libicudata.so.70.1
7f1e83fff000-7f1e84000000 rw-p 01c1c000 08:03 2366218                    /usr/lib/x86_64-linux-gnu/libicudata.so.70.1
7f1e84000000-7f1e84021000 rw-p 00000000 00:00 0 
7f1e84021000-7f1e88000000 ---p 00000000 00:00 0 
7f1e88000000-7f1e88021000 rw-p 00000000 00:00 0 
7f1e88021000-7f1e8c000000 ---p 00000000 00:00 0 
7f1e8c000000-7f1e8c021000 rw-p 00000000 00:00 0 
7f1e8c021000-7f1e90000000 ---p 00000000 00:00 0 
7f1e90000000-7f1e90021000 rw-p 00000000 00:00 0 
7f1e90021000-7f1e94000000 ---p 00000000 00:00 0 
7f1e94000000-7f1e94021000 rw-p 00000000 00:00 0 
7f1e94021000-7f1e98000000 ---p 00000000 00:00 0 
7f1e98000000-7f1e98021000 rw-p 00000000 00:00 0 
7f1e98021000-7f1e9c000000 ---p 00000000 00:00 0 
7f1e9c000000-7f1e9c1b6000 rw-p 00000000 00:00 0 
7f1e9c1b6000-7f1ea0000000 ---p 00000000 00:00 0 
7f1ea0000000-7f1ea0157000 rw-p 00000000 00:00 0 
7f1ea0157000-7f1ea4000000 ---p 00000000 00:00 0 
7f1ea4000000-7f1ea4021000 rw-p 00000000 00:00 0 
7f1ea4021000-7f1ea8000000 ---p 00000000 00:00 0 
7f1ea8000000-7f1ea8021000 rw-p 00000000 00:00 0 
7f1ea8021000-7f1eac000000 ---p 00000000 00:00 0 
7f1eac000000-7f1eac021000 rw-p 00000000 00:00 0 
7f1eac021000-7f1eb0000000 ---p 00000000 00:00 0 
7f1eb0000000-7f1eb0021000 rw-p 00000000 00:00 0 
7f1eb0021000-7f1eb4000000 ---p 00000000 00:00 0 
7f1eb4000000-7f1eb4021000 rw-p 00000000 00:00 0 
7f1eb4021000-7f1eb8000000 ---p 00000000 00:00 0 
7f1eb8000000-7f1eb8021000 rw-p 00000000 00:00 0 
7f1eb8021000-7f1ebc000000 ---p 00000000 00:00 0 
7f1ebc000000-7f1ebc370000 rw-p 00000000 00:00 0 
7f1ebc370000-7f1ebc400000 ---p 00000000 00:00 0 
7f1ebc400000-7f1ebc520000 rw-p 00000000 00:00 0 
7f1ebc520000-7f1ec0000000 ---p 00000000 00:00 0 
7f1ec0000000-7f1ec0021000 rw-p 00000000 00:00 0 
7f1ec0021000-7f1ec4000000 ---p 00000000 00:00 0 
7f1ec4000000-7f1ec4021000 rw-p 00000000 00:00 0 
7f1ec4021000-7f1ec8000000 ---p 00000000 00:00 0 
7f1ec877c000-7f1ec888a000 rw-p 00000000 00:00 0 
7f1ec8998000-7f1ec8aa6000 rw-p 00000000 00:00 0 
7f1ec8aa6000-7f1ec8aaa000 ---p 00000000 00:00 0 
7f1ec8aaa000-7f1ec8ba6000 rw-p 00000000 00:00 0 
7f1ec8ba6000-7f1ec8ba7000 r--p 00000000 08:03 2365809                    /usr/lib/x86_64-linux-gnu/libdeflate.so.0
7f1ec8ba7000-7f1ec8bc3000 r-xp 00001000 08:03 2365809                    /usr/lib/x86_64-linux-gnu/libdeflate.so.0
7f1ec8bc3000-7f1ec8bc7000 r--p 0001d000 08:03 2365809                    /usr/lib/x86_64-linux-gnu/libdeflate.so.0
7f1ec8bc7000-7f1ec8bc8000 ---p 00021000 08:03 2365809                    /usr/lib/x86_64-linux-gnu/libdeflate.so.0
7f1ec8bc8000-7f1ec8bc9000 r--p 00021000 08:03 2365809                    /usr/lib/x86_64-linux-gnu/libdeflate.so.0
7f1ec8bc9000-7f1ec8bca000 rw-p 00022000 08:03 2365809                    /usr/lib/x86_64-linux-gnu/libdeflate.so.0
7f1ec8bca000-7f1ec8bcc000 r--p 00000000 08:03 2366275                    /usr/lib/x86_64-linux-gnu/libjbig.so.0
7f1ec8bcc000-7f1ec8bd5000 r-xp 00002000 08:03 2366275                    /usr/lib/x86_64-linux-gnu/libjbig.so.0
7f1ec8bd5000-7f1ec8bd7000 r--p 0000b000 08:03 2366275                    /usr/lib/x86_64-linux-gnu/libjbig.so.0
7f1ec8bd7000-7f1ec8bd8000 r--p 0000c000 08:03 2366275                    /usr/lib/x86_64-linux-gnu/libjbig.so.0
7f1ec8bd8000-7f1ec8bdb000 rw-p 0000d000 08:03 2366275                    /usr/lib/x86_64-linux-gnu/libjbig.so.0
7f1ec8bdb000-7f1ec8c41000 r--p 00000000 08:03 2366228                    /usr/lib/x86_64-linux-gnu/libicuuc.so.70.1
7f1ec8c41000-7f1ec8d34000 r-xp 00066000 08:03 2366228                    /usr/lib/x86_64-linux-gnu/libicuuc.so.70.1
7f1ec8d34000-7f1ec8dc0000 r--p 00159000 08:03 2366228                    /usr/lib/x86_64-linux-gnu/libicuuc.so.70.1
7f1ec8dc0000-7f1ec8dd3000 r--p 001e4000 08:03 2366228                    /usr/lib/x86_64-linux-gnu/libicuuc.so.70.1
7f1ec8dd3000-7f1ec8dd4000 rw-p 001f7000 08:03 2366228                    /usr/lib/x86_64-linux-gnu/libicuuc.so.70.1
7f1ec8dd4000-7f1ec8dd6000 rw-p 00000000 00:00 0 
7f1ec8dd6000-7f1ec8dd9000 r--p 00000000 08:03 2366479                    /usr/lib/x86_64-linux-gnu/libopenjp2.so.2.4.0
7f1ec8dd9000-7f1ec8e1c000 r-xp 00003000 08:03 2366479                    /usr/lib/x86_64-linux-gnu/libopenjp2.so.2.4.0
7f1ec8e1c000-7f1ec8e2b000 r--p 00046000 08:03 2366479                    /usr/lib/x86_64-linux-gnu/libopenjp2.so.2.4.0
7f1ec8e2b000-7f1ec8e2c000 ---p 00055000 08:03 2366479                    /usr/lib/x86_64-linux-gnu/libopenjp2.so.2.4.0
7f1ec8e2c000-7f1ec8e2d000 r--p 00055000 08:03 2366479                    /usr/lib/x86_64-linux-gnu/libopenjp2.so.2.4.0
7f1ec8e2d000-7f1ec8e2e000 rw-p 00056000 08:03 2366479                    /usr/lib/x86_64-linux-gnu/libopenjp2.so.2.4.0
7f1ec8e2e000-7f1ec8e30000 r--p 00000000 08:03 2366929                    /usr/lib/x86_64-linux-gnu/libwebp.so.7.1.3
7f1ec8e30000-7f1ec8e85000 r-xp 00002000 08:03 2366929                    /usr/lib/x86_64-linux-gnu/libwebp.so.7.1.3
7f1ec8e85000-7f1ec8e96000 r--p 00057000 08:03 2366929                    /usr/lib/x86_64-linux-gnu/libwebp.so.7.1.3
7f1ec8e96000-7f1ec8e97000 r--p 00067000 08:03 2366929                    /usr/lib/x86_64-linux-gnu/libwebp.so.7.1.3
7f1ec8e97000-7f1ec8e98000 rw-p 00068000 08:03 2366929                    /usr/lib/x86_64-linux-gnu/libwebp.so.7.1.3
7f1ec8e98000-7f1ec8e9a000 rw-p 00000000 00:00 0 
7f1ec8e9a000-7f1ec8e9c000 r--p 00000000 08:03 2366933                    /usr/lib/x86_64-linux-gnu/libwebpmux.so.3.0.8
7f1ec8e9c000-7f1ec8ea3000 r-xp 00002000 08:03 2366933                    /usr/lib/x86_64-linux-gnu/libwebpmux.so.3.0.8
7f1ec8ea3000-7f1ec8ea5000 r--p 00009000 08:03 2366933                    /usr/lib/x86_64-linux-gnu/libwebpmux.so.3.0.8
7f1ec8ea5000-7f1ec8ea6000 r--p 0000a000 08:03 2366933                    /usr/lib/x86_64-linux-gnu/libwebpmux.so.3.0.8
7f1ec8ea6000-7f1ec8ea7000 rw-p 0000b000 08:03 2366933                    /usr/lib/x86_64-linux-gnu/libwebpmux.so.3.0.8
7f1ec8ea7000-7f1ec8eaf000 r--p 00000000 08:03 2366805                    /usr/lib/x86_64-linux-gnu/libtiff.so.5.7.0
7f1ec8eaf000-7f1ec8ef7000 r-xp 00008000 08:03 2366805                    /usr/lib/x86_64-linux-gnu/libtiff.so.5.7.0
7f1ec8ef7000-7f1ec8f27000 r--p 00050000 08:03 2366805                    /usr/lib/x86_64-linux-gnu/libtiff.so.5.7.0
7f1ec8f27000-7f1ec8f2c000 r--p 0007f000 08:03 2366805                    /usr/lib/x86_64-linux-gnu/libtiff.so.5.7.0
7f1ec8f2c000-7f1ec8f2d000 rw-p 00084000 08:03 2366805                    /usr/lib/x86_64-linux-gnu/libtiff.so.5.7.0
7f1ec8f2d000-7f1ec8f2f000 r--p 00000000 08:03 2366020                    /usr/lib/x86_64-linux-gnu/libgif.so.7.1.0
7f1ec8f2f000-7f1ec8f34000 r-xp 00002000 08:03 2366020                    /usr/lib/x86_64-linux-gnu/libgif.so.7.1.0
7f1ec8f34000-7f1ec8f36000 r--p 00007000 08:03 2366020                    /usr/lib/x86_64-linux-gnu/libgif.so.7.1.0
7f1ec8f36000-7f1ec8f37000 r--p 00008000 08:03 2366020                    /usr/lib/x86_64-linux-gnu/libgif.so.7.1.0
7f1ec8f37000-7f1ec8f38000 rw-p 00009000 08:03 2366020                    /usr/lib/x86_64-linux-gnu/libgif.so.7.1.0
7f1ec8f38000-7f1ec8f3c000 r--p 00000000 08:03 2366281                    /usr/lib/x86_64-linux-gnu/libjpeg.so.8.2.2
7f1ec8f3c000-7f1ec8f85000 r-xp 00004000 08:03 2366281                    /usr/lib/x86_64-linux-gnu/libjpeg.so.8.2.2
7f1ec8f85000-7f1ec8fb7000 r--p 0004d000 08:03 2366281                    /usr/lib/x86_64-linux-gnu/libjpeg.so.8.2.2
7f1ec8fb7000-7f1ec8fb8000 r--p 0007e000 08:03 2366281                    /usr/lib/x86_64-linux-gnu/libjpeg.so.8.2.2
7f1ec8fb8000-7f1ec8fb9000 rw-p 0007f000 08:03 2366281                    /usr/lib/x86_64-linux-gnu/libjpeg.so.8.2.2
7f1ec8fb9000-7f1ec8fbe000 r--p 00000000 08:03 2366577                    /usr/lib/x86_64-linux-gnu/libpng16.so.16.37.0
7f1ec8fbe000-7f1ec8fe7000 r-xp 00005000 08:03 2366577                    /usr/lib/x86_64-linux-gnu/libpng16.so.16.37.0
7f1ec8fe7000-7f1ec8ff2000 r--p 0002e000 08:03 2366577                    /usr/lib/x86_64-linux-gnu/libpng16.so.16.37.0
7f1ec8ff2000-7f1ec8ff3000 r--p 00038000 08:03 2366577                    /usr/lib/x86_64-linux-gnu/libpng16.so.16.37.0
7f1ec8ff3000-7f1ec8ff4000 rw-p 00039000 08:03 2366577                    /usr/lib/x86_64-linux-gnu/libpng16.so.16.37.0
7f1ec8ff4000-7f1ec9023000 r--p 00000000 08:03 2367012                    /usr/lib/x86_64-linux-gnu/libxml2.so.2.9.13
7f1ec9023000-7f1ec9176000 r-xp 0002f000 08:03 2367012                    /usr/lib/x86_64-linux-gnu/libxml2.so.2.9.13
7f1ec9176000-7f1ec91ca000 r--p 00182000 08:03 2367012                    /usr/lib/x86_64-linux-gnu/libxml2.so.2.9.13
7f1ec91ca000-7f1ec91cb000 ---p 001d6000 08:03 2367012                    /usr/lib/x86_64-linux-gnu/libxml2.so.2.9.13
7f1ec91cb000-7f1ec91d4000 r--p 001d6000 08:03 2367012                    /usr/lib/x86_64-linux-gnu/libxml2.so.2.9.13
7f1ec91d4000-7f1ec91d5000 rw-p 001df000 08:03 2367012                    /usr/lib/x86_64-linux-gnu/libxml2.so.2.9.13
7f1ec91d5000-7f1ec91d6000 rw-p 00000000 00:00 0 
7f1ec91d6000-7f1ec91d8000 r--p 00000000 08:03 2365679                    /usr/lib/x86_64-linux-gnu/libbz2.so.1.0.4
7f1ec91d8000-7f1ec91e5000 r-xp 00002000 08:03 2365679                    /usr/lib/x86_64-linux-gnu/libbz2.so.1.0.4
7f1ec91e5000-7f1ec91e7000 r--p 0000f000 08:03 2365679                    /usr/lib/x86_64-linux-gnu/libbz2.so.1.0.4
7f1ec91e7000-7f1ec91e8000 r--p 00010000 08:03 2365679                    /usr/lib/x86_64-linux-gnu/libbz2.so.1.0.4
7f1ec91e8000-7f1ec91e9000 rw-p 00011000 08:03 2365679                    /usr/lib/x86_64-linux-gnu/libbz2.so.1.0.4
7f1ec91e9000-7f1ec91eb000 r--p 00000000 08:03 2366326                    /usr/lib/x86_64-linux-gnu/liblz4.so.1.9.3
7f1ec91eb000-7f1ec9204000 r-xp 00002000 08:03 2366326                    /usr/lib/x86_64-linux-gnu/liblz4.so.1.9.3
7f1ec9204000-7f1ec9206000 r--p 0001b000 08:03 2366326                    /usr/lib/x86_64-linux-gnu/liblz4.so.1.9.3
7f1ec9206000-7f1ec9207000 ---p 0001d000 08:03 2366326                    /usr/lib/x86_64-linux-gnu/liblz4.so.1.9.3
7f1ec9207000-7f1ec9208000 r--p 0001d000 08:03 2366326                    /usr/lib/x86_64-linux-gnu/liblz4.so.1.9.3
7f1ec9208000-7f1ec9209000 rw-p 0001e000 08:03 2366326                    /usr/lib/x86_64-linux-gnu/liblz4.so.1.9.3
7f1ec9209000-7f1ec9213000 r--p 00000000 08:03 2367042                    /usr/lib/x86_64-linux-gnu/libzstd.so.1.4.8
7f1ec9213000-7f1ec92c5000 r-xp 0000a000 08:03 2367042                    /usr/lib/x86_64-linux-gnu/libzstd.so.1.4.8
7f1ec92c5000-7f1ec92d6000 r--p 000bc000 08:03 2367042                    /usr/lib/x86_64-linux-gnu/libzstd.so.1.4.8
7f1ec92d6000-7f1ec92d7000 r--p 000cc000 08:03 2367042                    /usr/lib/x86_64-linux-gnu/libzstd.so.1.4.8
7f1ec92d7000-7f1ec92d8000 rw-p 000cd000 08:03 2367042                    /usr/lib/x86_64-linux-gnu/libzstd.so.1.4.8
7f1ec92d8000-7f1ec92db000 r--p 00000000 08:03 2366328                    /usr/lib/x86_64-linux-gnu/liblzma.so.5.2.5
7f1ec92db000-7f1ec92f6000 r-xp 00003000 08:03 2366328                    /usr/lib/x86_64-linux-gnu/liblzma.so.5.2.5
7f1ec92f6000-7f1ec9301000 r--p 0001e000 08:03 2366328                    /usr/lib/x86_64-linux-gnu/liblzma.so.5.2.5
7f1ec9301000-7f1ec9302000 r--p 00028000 08:03 2366328                    /usr/lib/x86_64-linux-gnu/liblzma.so.5.2.5
7f1ec9302000-7f1ec9303000 rw-p 00029000 08:03 2366328                    /usr/lib/x86_64-linux-gnu/liblzma.so.5.2.5
7f1ec9303000-7f1ec9305000 r--p 00000000 08:03 2365562                    /usr/lib/x86_64-linux-gnu/libacl.so.1.1.2301
7f1ec9305000-7f1ec9309000 r-xp 00002000 08:03 2365562                    /usr/lib/x86_64-linux-gnu/libacl.so.1.1.2301
7f1ec9309000-7f1ec930a000 r--p 00006000 08:03 2365562                    /usr/lib/x86_64-linux-gnu/libacl.so.1.1.2301
7f1ec930a000-7f1ec930b000 ---p 00007000 08:03 2365562                    /usr/lib/x86_64-linux-gnu/libacl.so.1.1.2301
7f1ec930b000-7f1ec930c000 r--p 00007000 08:03 2365562                    /usr/lib/x86_64-linux-gnu/libacl.so.1.1.2301
7f1ec930c000-7f1ec930d000 rw-p 00008000 08:03 2365562                    /usr/lib/x86_64-linux-gnu/libacl.so.1.1.2301
7f1ec930d000-7f1ec9317000 r--p 00000000 08:03 2366766                    /usr/lib/x86_64-linux-gnu/libgomp.so.1.0.0
7f1ec9317000-7f1ec9348000 r-xp 0000a000 08:03 2366766                    /usr/lib/x86_64-linux-gnu/libgomp.so.1.0.0
7f1ec9348000-7f1ec9355000 r--p 0003b000 08:03 2366766                    /usr/lib/x86_64-linux-gnu/libgomp.so.1.0.0
7f1ec9355000-7f1ec9356000 r--p 00047000 08:03 2366766                    /usr/lib/x86_64-linux-gnu/libgomp.so.1.0.0
7f1ec9356000-7f1ec9357000 rw-p 00048000 08:03 2366766                    /usr/lib/x86_64-linux-gnu/libgomp.so.1.0.0
7f1ec9357000-7f1ec93f1000 r--p 00000000 08:03 2359490                    /usr/lib/x86_64-linux-gnu/libstdc++.so.6.0.30
7f1ec93f1000-7f1ec9501000 r-xp 0009a000 08:03 2359490                    /usr/lib/x86_64-linux-gnu/libstdc++.so.6.0.30
7f1ec9501000-7f1ec9570000 r--p 001aa000 08:03 2359490                    /usr/lib/x86_64-linux-gnu/libstdc++.so.6.0.30
7f1ec9570000-7f1ec957b000 r--p 00218000 08:03 2359490                    /usr/lib/x86_64-linux-gnu/libstdc++.so.6.0.30
7f1ec957b000-7f1ec957e000 rw-p 00223000 08:03 2359490                    /usr/lib/x86_64-linux-gnu/libstdc++.so.6.0.30
7f1ec957e000-7f1ec9581000 rw-p 00000000 00:00 0 
7f1ec9581000-7f1ec95a9000 r--p 00000000 08:03 2367048                    /usr/lib/x86_64-linux-gnu/liblept.so.5.0.4
7f1ec95a9000-7f1ec9787000 r-xp 00028000 08:03 2367048                    /usr/lib/x86_64-linux-gnu/liblept.so.5.0.4
7f1ec9787000-7f1ec9825000 r--p 00206000 08:03 2367048                    /usr/lib/x86_64-linux-gnu/liblept.so.5.0.4
7f1ec9825000-7f1ec9826000 r--p 002a4000 08:03 2367048                    /usr/lib/x86_64-linux-gnu/liblept.so.5.0.4
7f1ec9826000-7f1ec982c000 rw-p 002a5000 08:03 2367048                    /usr/lib/x86_64-linux-gnu/liblept.so.5.0.4
7f1ec982c000-7f1ec983e000 r--p 00000000 08:03 2365579                    /usr/lib/x86_64-linux-gnu/libarchive.so.13.6.0
7f1ec983e000-7f1ec98c8000 r-xp 00012000 08:03 2365579                    /usr/lib/x86_64-linux-gnu/libarchive.so.13.6.0
7f1ec98c8000-7f1ec98f1000 r--p 0009c000 08:03 2365579                    /usr/lib/x86_64-linux-gnu/libarchive.so.13.6.0
7f1ec98f1000-7f1ec98f5000 r--p 000c4000 08:03 2365579                    /usr/lib/x86_64-linux-gnu/libarchive.so.13.6.0
7f1ec98f5000-7f1ec98f6000 rw-p 000c8000 08:03 2365579                    /usr/lib/x86_64-linux-gnu/libarchive.so.13.6.0
7f1ec98f6000-7f1ec995b000 r--p 00000000 08:03 2367167                    /usr/lib/x86_64-linux-gnu/libtesseract.so.4.0.1
7f1ec995b000-7f1ec9b44000 r-xp 00065000 08:03 2367167                    /usr/lib/x86_64-linux-gnu/libtesseract.so.4.0.1
7f1ec9b44000-7f1ec9bf7000 r--p 0024e000 08:03 2367167                    /usr/lib/x86_64-linux-gnu/libtesseract.so.4.0.1
7f1ec9bf7000-7f1ec9bfc000 r--p 00300000 08:03 2367167                    /usr/lib/x86_64-linux-gnu/libtesseract.so.4.0.1
7f1ec9bfc000-7f1ec9bfd000 rw-p 00305000 08:03 2367167                    /usr/lib/x86_64-linux-gnu/libtesseract.so.4.0.1
7f1ec9bfd000-7f1ec9c00000 rw-p 00000000 00:00 0 
7f1ec9c00000-7f1ec9c1e000 r-xp 00000000 08:03 929000                     /home/assiph/.cache/JNA/temp/jna4238990651298671614.tmp (deleted)
7f1ec9c1e000-7f1ec9e1d000 ---p 0001e000 08:03 929000                     /home/assiph/.cache/JNA/temp/jna4238990651298671614.tmp (deleted)
7f1ec9e1d000-7f1ec9e1e000 rw-p 0001d000 08:03 929000                     /home/assiph/.cache/JNA/temp/jna4238990651298671614.tmp (deleted)
7f1ec9e1e000-7f1ec9e1f000 rw-p 00000000 00:00 0 
7f1ec9e1f000-7f1ec9e29000 r--p 00000000 08:03 2366419                    /usr/lib/x86_64-linux-gnu/libnettle.so.8.4
7f1ec9e29000-7f1ec9e4c000 r-xp 0000a000 08:03 2366419                    /usr/lib/x86_64-linux-gnu/libnettle.so.8.4
7f1ec9e4c000-7f1ec9e62000 r--p 0002d000 08:03 2366419                    /usr/lib/x86_64-linux-gnu/libnettle.so.8.4
7f1ec9e62000-7f1ec9e64000 r--p 00042000 08:03 2366419                    /usr/lib/x86_64-linux-gnu/libnettle.so.8.4
7f1ec9e64000-7f1ec9e65000 rw-p 00044000 08:03 2366419                    /usr/lib/x86_64-linux-gnu/libnettle.so.8.4
7f1ec9e65000-7f1ec9e68000 r--p 00000000 08:03 2366071                    /usr/lib/x86_64-linux-gnu/libgcc_s.so.1
7f1ec9e68000-7f1ec9e7f000 r-xp 00003000 08:03 2366071                    /usr/lib/x86_64-linux-gnu/libgcc_s.so.1
7f1ec9e7f000-7f1ec9e83000 r--p 0001a000 08:03 2366071                    /usr/lib/x86_64-linux-gnu/libgcc_s.so.1
7f1ec9e83000-7f1ec9e84000 r--p 0001d000 08:03 2366071                    /usr/lib/x86_64-linux-gnu/libgcc_s.so.1
7f1ec9e84000-7f1ec9e85000 rw-p 0001e000 08:03 2366071                    /usr/lib/x86_64-linux-gnu/libgcc_s.so.1
7f1ec9e85000-7f1ec9e89000 ---p 00000000 00:00 0 
7f1ec9e89000-7f1ec9ea7000 rw-p 00000000 00:00 0 
7f1ec9ea7000-7f1ec9eab000 ---p 00000000 00:00 0 
7f1ec9eab000-7f1ec9fa7000 rw-p 00000000 00:00 0 
7f1ec9fa7000-7f1ec9fa9000 r--p 00000000 08:03 2366342                    /usr/lib/x86_64-linux-gnu/libmd.so.0.0.5
7f1ec9fa9000-7f1ec9fb0000 r-xp 00002000 08:03 2366342                    /usr/lib/x86_64-linux-gnu/libmd.so.0.0.5
7f1ec9fb0000-7f1ec9fb2000 r--p 00009000 08:03 2366342                    /usr/lib/x86_64-linux-gnu/libmd.so.0.0.5
7f1ec9fb2000-7f1ec9fb3000 r--p 0000a000 08:03 2366342                    /usr/lib/x86_64-linux-gnu/libmd.so.0.0.5
7f1ec9fb3000-7f1ec9fb4000 rw-p 0000b000 08:03 2366342                    /usr/lib/x86_64-linux-gnu/libmd.so.0.0.5
7f1ec9fb4000-7f1ec9fb8000 r--p 00000000 08:03 2365676                    /usr/lib/x86_64-linux-gnu/libbsd.so.0.11.5
7f1ec9fb8000-7f1ec9fc5000 r-xp 00004000 08:03 2365676                    /usr/lib/x86_64-linux-gnu/libbsd.so.0.11.5
7f1ec9fc5000-7f1ec9fc8000 r--p 00011000 08:03 2365676                    /usr/lib/x86_64-linux-gnu/libbsd.so.0.11.5
7f1ec9fc8000-7f1ec9fc9000 ---p 00014000 08:03 2365676                    /usr/lib/x86_64-linux-gnu/libbsd.so.0.11.5
7f1ec9fc9000-7f1ec9fca000 r--p 00014000 08:03 2365676                    /usr/lib/x86_64-linux-gnu/libbsd.so.0.11.5
7f1ec9fca000-7f1ec9fcb000 rw-p 00015000 08:03 2365676                    /usr/lib/x86_64-linux-gnu/libbsd.so.0.11.5
7f1ec9fcb000-7f1ec9fcc000 rw-p 00000000 00:00 0 
7f1ec9fcc000-7f1ec9fce000 r--p 00000000 08:03 2365396                    /usr/lib/x86_64-linux-gnu/libXdmcp.so.6.0.0
7f1ec9fce000-7f1ec9fd0000 r-xp 00002000 08:03 2365396                    /usr/lib/x86_64-linux-gnu/libXdmcp.so.6.0.0
7f1ec9fd0000-7f1ec9fd2000 r--p 00004000 08:03 2365396                    /usr/lib/x86_64-linux-gnu/libXdmcp.so.6.0.0
7f1ec9fd2000-7f1ec9fd3000 r--p 00005000 08:03 2365396                    /usr/lib/x86_64-linux-gnu/libXdmcp.so.6.0.0
7f1ec9fd3000-7f1ec9fd4000 rw-p 00006000 08:03 2365396                    /usr/lib/x86_64-linux-gnu/libXdmcp.so.6.0.0
7f1ec9fd4000-7f1ec9fd5000 r--p 00000000 08:03 2365385                    /usr/lib/x86_64-linux-gnu/libXau.so.6.0.0
7f1ec9fd5000-7f1ec9fd7000 r-xp 00001000 08:03 2365385                    /usr/lib/x86_64-linux-gnu/libXau.so.6.0.0
7f1ec9fd7000-7f1ec9fd8000 r--p 00003000 08:03 2365385                    /usr/lib/x86_64-linux-gnu/libXau.so.6.0.0
7f1ec9fd8000-7f1ec9fd9000 r--p 00003000 08:03 2365385                    /usr/lib/x86_64-linux-gnu/libXau.so.6.0.0
7f1ec9fd9000-7f1ec9fda000 rw-p 00004000 08:03 2365385                    /usr/lib/x86_64-linux-gnu/libXau.so.6.0.0
7f1ec9fda000-7f1ec9fe5000 r--p 00000000 08:03 2366998                    /usr/lib/x86_64-linux-gnu/libxcb.so.1.1.0
7f1ec9fe5000-7f1ec9ff9000 r-xp 0000b000 08:03 2366998                    /usr/lib/x86_64-linux-gnu/libxcb.so.1.1.0
7f1ec9ff9000-7f1eca002000 r--p 0001f000 08:03 2366998                    /usr/lib/x86_64-linux-gnu/libxcb.so.1.1.0
7f1eca002000-7f1eca003000 r--p 00027000 08:03 2366998                    /usr/lib/x86_64-linux-gnu/libxcb.so.1.1.0
7f1eca003000-7f1eca004000 rw-p 00028000 08:03 2366998                    /usr/lib/x86_64-linux-gnu/libxcb.so.1.1.0
7f1eca004000-7f1eca007000 r--p 00000000 08:03 2365406                    /usr/lib/x86_64-linux-gnu/libXi.so.6.1.0
7f1eca007000-7f1eca013000 r-xp 00003000 08:03 2365406                    /usr/lib/x86_64-linux-gnu/libXi.so.6.1.0
7f1eca013000-7f1eca016000 r--p 0000f000 08:03 2365406                    /usr/lib/x86_64-linux-gnu/libXi.so.6.1.0
7f1eca016000-7f1eca017000 r--p 00011000 08:03 2365406                    /usr/lib/x86_64-linux-gnu/libXi.so.6.1.0
7f1eca017000-7f1eca018000 rw-p 00012000 08:03 2365406                    /usr/lib/x86_64-linux-gnu/libXi.so.6.1.0
7f1eca018000-7f1eca031000 r--p 00000000 08:03 2365381                    /usr/lib/x86_64-linux-gnu/libX11.so.6.4.0
7f1eca031000-7f1eca0bd000 r-xp 00019000 08:03 2365381                    /usr/lib/x86_64-linux-gnu/libX11.so.6.4.0
7f1eca0bd000-7f1eca152000 r--p 000a5000 08:03 2365381                    /usr/lib/x86_64-linux-gnu/libX11.so.6.4.0
7f1eca152000-7f1eca153000 ---p 0013a000 08:03 2365381                    /usr/lib/x86_64-linux-gnu/libX11.so.6.4.0
7f1eca153000-7f1eca154000 r--p 0013a000 08:03 2365381                    /usr/lib/x86_64-linux-gnu/libX11.so.6.4.0
7f1eca154000-7f1eca158000 rw-p 0013b000 08:03 2365381                    /usr/lib/x86_64-linux-gnu/libX11.so.6.4.0
7f1eca158000-7f1eca15c000 r--p 00000000 08:03 2365398                    /usr/lib/x86_64-linux-gnu/libXext.so.6.4.0
7f1eca15c000-7f1eca167000 r-xp 00004000 08:03 2365398                    /usr/lib/x86_64-linux-gnu/libXext.so.6.4.0
7f1eca167000-7f1eca16b000 r--p 0000f000 08:03 2365398                    /usr/lib/x86_64-linux-gnu/libXext.so.6.4.0
7f1eca16b000-7f1eca16c000 r--p 00012000 08:03 2365398                    /usr/lib/x86_64-linux-gnu/libXext.so.6.4.0
7f1eca16c000-7f1eca16d000 rw-p 00013000 08:03 2365398                    /usr/lib/x86_64-linux-gnu/libXext.so.6.4.0
7f1eca16d000-7f1eca1c9000 r-xp 00000000 08:03 1187496                    /home/assiph/.jdks/openjdk-19.0.1/lib/libawt_xawt.so
7f1eca1c9000-7f1eca1ca000 ---p 0005c000 08:03 1187496                    /home/assiph/.jdks/openjdk-19.0.1/lib/libawt_xawt.so
7f1eca1ca000-7f1eca1cb000 r--p 0005c000 08:03 1187496                    /home/assiph/.jdks/openjdk-19.0.1/lib/libawt_xawt.so
7f1eca1cb000-7f1eca1cd000 rw-p 0005d000 08:03 1187496                    /home/assiph/.jdks/openjdk-19.0.1/lib/libawt_xawt.so
7f1eca1cd000-7f1eca1cf000 rw-p 00000000 00:00 0 
7f1eca1cf000-7f1eca28f000 r-xp 00000000 08:03 1187494                    /home/assiph/.jdks/openjdk-19.0.1/lib/libawt.so
7f1eca28f000-7f1eca290000 ---p 000c0000 08:03 1187494                    /home/assiph/.jdks/openjdk-19.0.1/lib/libawt.so
7f1eca290000-7f1eca292000 r--p 000c0000 08:03 1187494                    /home/assiph/.jdks/openjdk-19.0.1/lib/libawt.so
7f1eca292000-7f1eca29d000 rw-p 000c2000 08:03 1187494                    /home/assiph/.jdks/openjdk-19.0.1/lib/libawt.so
7f1eca29d000-7f1eca2c2000 rw-p 00000000 00:00 0 
7f1eca2c2000-7f1eca2c3000 ---p 00000000 00:00 0 
7f1eca2c3000-7f1eca3c4000 rw-p 00000000 00:00 0 
7f1eca3c4000-7f1eca3c8000 ---p 00000000 00:00 0 
7f1eca3c8000-7f1eca4c4000 rw-p 00000000 00:00 0 
7f1eca4c4000-7f1eca4c8000 ---p 00000000 00:00 0 
7f1eca4c8000-7f1eca5c4000 rw-p 00000000 00:00 0 
7f1eca5c4000-7f1eca5c8000 ---p 00000000 00:00 0 
7f1eca5c8000-7f1eca6c4000 rw-p 00000000 00:00 0 
7f1eca6c4000-7f1eca6c8000 ---p 00000000 00:00 0 
7f1eca6c8000-7f1eca7c4000 rw-p 00000000 00:00 0 
7f1eca7c4000-7f1eca7c8000 ---p 00000000 00:00 0 
7f1eca7c8000-7f1eca8c4000 rw-p 00000000 00:00 0 
7f1eca8c4000-7f1eca8c8000 ---p 00000000 00:00 0 
7f1eca8c8000-7f1eca9c4000 rw-p 00000000 00:00 0 
7f1eca9c4000-7f1eca9c8000 ---p 00000000 00:00 0 
7f1eca9c8000-7f1ecaac4000 rw-p 00000000 00:00 0 
7f1ecaac4000-7f1ecaac8000 ---p 00000000 00:00 0 
7f1ecaac8000-7f1ecabc4000 rw-p 00000000 00:00 0 
7f1ecabc4000-7f1ecabc8000 ---p 00000000 00:00 0 
7f1ecabc8000-7f1ecacc4000 rw-p 00000000 00:00 0 
7f1ecacc4000-7f1ecacc8000 ---p 00000000 00:00 0 
7f1ecacc8000-7f1ecadc4000 rw-p 00000000 00:00 0 
7f1ecadc4000-7f1ecadc8000 ---p 00000000 00:00 0 
7f1ecadc8000-7f1ecaec4000 rw-p 00000000 00:00 0 
7f1ecaec4000-7f1ecbcab000 r--p 00000000 08:03 2364885                    /usr/lib/locale/locale-archive
7f1ecbcab000-7f1ecbcac000 ---p 00000000 00:00 0 
7f1ecbcac000-7f1ecbdad000 rw-p 00000000 00:00 0 
7f1ecbdad000-7f1ecbe7b000 r-xp 00000000 08:03 1187513                    /home/assiph/.jdks/openjdk-19.0.1/lib/libjsvml.so
7f1ecbe7b000-7f1ecbe7c000 r--p 000cd000 08:03 1187513                    /home/assiph/.jdks/openjdk-19.0.1/lib/libjsvml.so
7f1ecbe7c000-7f1ecbe7d000 rw-p 000ce000 08:03 1187513                    /home/assiph/.jdks/openjdk-19.0.1/lib/libjsvml.so
7f1ecbe7d000-7f1ecbefe000 rw-p 00000000 00:00 0 
7f1ecbefe000-7f1ecbeff000 ---p 00000000 00:00 0 
7f1ecbeff000-7f1ecc000000 rw-p 00000000 00:00 0 
7f1ecc000000-7f1ecc021000 rw-p 00000000 00:00 0 
7f1ecc021000-7f1ed0000000 ---p 00000000 00:00 0 
7f1ed0000000-7f1ed0021000 rw-p 00000000 00:00 0 
7f1ed0021000-7f1ed4000000 ---p 00000000 00:00 0 
7f1ed4000000-7f1ed4021000 rw-p 00000000 00:00 0 
7f1ed4021000-7f1ed8000000 ---p 00000000 00:00 0 
7f1ed8003000-7f1ed8005000 r--p 00000000 08:03 2365424                    /usr/lib/x86_64-linux-gnu/libXtst.so.6.1.0
7f1ed8005000-7f1ed8008000 r-xp 00002000 08:03 2365424                    /usr/lib/x86_64-linux-gnu/libXtst.so.6.1.0
7f1ed8008000-7f1ed8009000 r--p 00005000 08:03 2365424                    /usr/lib/x86_64-linux-gnu/libXtst.so.6.1.0
7f1ed8009000-7f1ed800a000 r--p 00005000 08:03 2365424                    /usr/lib/x86_64-linux-gnu/libXtst.so.6.1.0
7f1ed800a000-7f1ed800b000 rw-p 00006000 08:03 2365424                    /usr/lib/x86_64-linux-gnu/libXtst.so.6.1.0
7f1ed8014000-7f1ed801b000 r--s 00000000 08:03 2889007                    /usr/lib/x86_64-linux-gnu/gconv/gconv-modules.cache
7f1ed801b000-7f1ed8076000 rw-p 00000000 00:00 0 
7f1ed8076000-7f1ed8077000 ---p 00000000 00:00 0 
7f1ed8077000-7f1eda980000 rw-p 00000000 00:00 0 
7f1eda980000-7f1eda981000 ---p 00000000 00:00 0 
7f1eda981000-7f1edaa82000 rw-p 00000000 00:00 0 
7f1edaa82000-7f1edaa83000 ---p 00000000 00:00 0 
7f1edaa83000-7f1edac7c000 rw-p 00000000 00:00 0 
7f1edac7c000-7f1edbad4000 ---p 00000000 00:00 0 
7f1edbad4000-7f1edbbd4000 rw-p 00000000 00:00 0 
7f1edbbd4000-7f1edca2c000 ---p 00000000 00:00 0 
7f1edca2c000-7f1edca53000 rw-p 00000000 00:00 0 
7f1edca53000-7f1edcc1e000 ---p 00000000 00:00 0 
7f1edcc1e000-7f1edcc3e000 rw-p 00000000 00:00 0 
7f1edcc3e000-7f1edce09000 ---p 00000000 00:00 0 
7f1edce09000-7f1edce29000 rw-p 00000000 00:00 0 
7f1edce29000-7f1edcff4000 ---p 00000000 00:00 0 
7f1edcff4000-7f1edcff5000 rw-p 00000000 00:00 0 
7f1edcff5000-7f1edd265000 rwxp 00000000 00:00 0 
7f1edd265000-7f1ee452c000 ---p 00000000 00:00 0 
7f1ee452c000-7f1ee479c000 rwxp 00000000 00:00 0 
7f1ee479c000-7f1ee4abe000 ---p 00000000 00:00 0 
7f1ee4abe000-7f1ee4d2e000 rwxp 00000000 00:00 0 
7f1ee4d2e000-7f1eebff5000 ---p 00000000 00:00 0 
7f1eebff5000-7f1ef4000000 r--s 00000000 08:03 1187529                    /home/assiph/.jdks/openjdk-19.0.1/lib/modules
7f1ef4000000-7f1ef4454000 rw-p 00000000 00:00 0 
7f1ef4454000-7f1ef8000000 ---p 00000000 00:00 0 
7f1ef8000000-7f1ef8002000 r--p 00000000 08:03 2365418                    /usr/lib/x86_64-linux-gnu/libXrender.so.1.3.0
7f1ef8002000-7f1ef8009000 r-xp 00002000 08:03 2365418                    /usr/lib/x86_64-linux-gnu/libXrender.so.1.3.0
7f1ef8009000-7f1ef800b000 r--p 00009000 08:03 2365418                    /usr/lib/x86_64-linux-gnu/libXrender.so.1.3.0
7f1ef800b000-7f1ef800c000 r--p 0000a000 08:03 2365418                    /usr/lib/x86_64-linux-gnu/libXrender.so.1.3.0
7f1ef800c000-7f1ef800d000 rw-p 0000b000 08:03 2365418                    /usr/lib/x86_64-linux-gnu/libXrender.so.1.3.0
7f1ef800d000-7f1ef800f000 r-xp 00000000 08:03 1187498                    /home/assiph/.jdks/openjdk-19.0.1/lib/libextnet.so
7f1ef800f000-7f1ef8010000 ---p 00002000 08:03 1187498                    /home/assiph/.jdks/openjdk-19.0.1/lib/libextnet.so
7f1ef8010000-7f1ef8011000 r--p 00002000 08:03 1187498                    /home/assiph/.jdks/openjdk-19.0.1/lib/libextnet.so
7f1ef8011000-7f1ef8012000 rw-p 00003000 08:03 1187498                    /home/assiph/.jdks/openjdk-19.0.1/lib/libextnet.so
7f1ef8012000-7f1ef8020000 r-xp 00000000 08:03 1187519                    /home/assiph/.jdks/openjdk-19.0.1/lib/libnet.so
7f1ef8020000-7f1ef8021000 r--p 0000d000 08:03 1187519                    /home/assiph/.jdks/openjdk-19.0.1/lib/libnet.so
7f1ef8021000-7f1ef8022000 rw-p 0000e000 08:03 1187519                    /home/assiph/.jdks/openjdk-19.0.1/lib/libnet.so
7f1ef8022000-7f1ef8035000 r-xp 00000000 08:03 1187520                    /home/assiph/.jdks/openjdk-19.0.1/lib/libnio.so
7f1ef8035000-7f1ef8036000 r--p 00012000 08:03 1187520                    /home/assiph/.jdks/openjdk-19.0.1/lib/libnio.so
7f1ef8036000-7f1ef8037000 rw-p 00013000 08:03 1187520                    /home/assiph/.jdks/openjdk-19.0.1/lib/libnio.so
7f1ef8037000-7f1ef803e000 r-xp 00000000 08:03 1187528                    /home/assiph/.jdks/openjdk-19.0.1/lib/libzip.so
7f1ef803e000-7f1ef803f000 ---p 00007000 08:03 1187528                    /home/assiph/.jdks/openjdk-19.0.1/lib/libzip.so
7f1ef803f000-7f1ef8040000 r--p 00007000 08:03 1187528                    /home/assiph/.jdks/openjdk-19.0.1/lib/libzip.so
7f1ef8040000-7f1ef8041000 rw-p 00008000 08:03 1187528                    /home/assiph/.jdks/openjdk-19.0.1/lib/libzip.so
7f1ef8041000-7f1ef8082000 rw-p 00000000 00:00 0 
7f1ef8082000-7f1ef8083000 ---p 00000000 00:00 0 
7f1ef8083000-7f1ef89d1000 rw-p 00000000 00:00 0 
7f1ef89d1000-7f1ef8ab7000 ---p 00000000 00:00 0 
7f1ef8ab7000-7f1ef8abc000 rw-p 00000000 00:00 0 
7f1ef8abc000-7f1ef8ba2000 ---p 00000000 00:00 0 
7f1ef8ba2000-7f1ef8ba7000 rw-p 00000000 00:00 0 
7f1ef8ba7000-7f1ef8bae000 ---p 00000000 00:00 0 
7f1ef8bae000-7f1ef8bb6000 rw-s 00000000 08:03 928999                     /tmp/hsperfdata_assiph/15041
7f1ef8bb6000-7f1ef8bdc000 r-xp 00000000 08:03 1187505                    /home/assiph/.jdks/openjdk-19.0.1/lib/libjava.so
7f1ef8bdc000-7f1ef8bdd000 r--p 00025000 08:03 1187505                    /home/assiph/.jdks/openjdk-19.0.1/lib/libjava.so
7f1ef8bdd000-7f1ef8bde000 rw-p 00026000 08:03 1187505                    /home/assiph/.jdks/openjdk-19.0.1/lib/libjava.so
7f1ef8bde000-7f1ef8bdf000 rw-p 00000000 00:00 0 
7f1ef8bdf000-7f1ef8bfa000 r-xp 00000000 08:03 1187509                    /home/assiph/.jdks/openjdk-19.0.1/lib/libjimage.so
7f1ef8bfa000-7f1ef8bfb000 ---p 0001b000 08:03 1187509                    /home/assiph/.jdks/openjdk-19.0.1/lib/libjimage.so
7f1ef8bfb000-7f1ef8bfd000 r--p 0001b000 08:03 1187509                    /home/assiph/.jdks/openjdk-19.0.1/lib/libjimage.so
7f1ef8bfd000-7f1ef8bfe000 rw-p 0001d000 08:03 1187509                    /home/assiph/.jdks/openjdk-19.0.1/lib/libjimage.so
7f1ef8bfe000-7f1ef8c02000 ---p 00000000 00:00 0 
7f1ef8c02000-7f1ef8cfe000 rw-p 00000000 00:00 0 
7f1ef8cfe000-7f1ef8d0c000 r--p 00000000 08:03 2366331                    /usr/lib/x86_64-linux-gnu/libm.so.6
7f1ef8d0c000-7f1ef8d88000 r-xp 0000e000 08:03 2366331                    /usr/lib/x86_64-linux-gnu/libm.so.6
7f1ef8d88000-7f1ef8de3000 r--p 0008a000 08:03 2366331                    /usr/lib/x86_64-linux-gnu/libm.so.6
7f1ef8de3000-7f1ef8de4000 r--p 000e4000 08:03 2366331                    /usr/lib/x86_64-linux-gnu/libm.so.6
7f1ef8de4000-7f1ef8de5000 rw-p 000e5000 08:03 2366331                    /usr/lib/x86_64-linux-gnu/libm.so.6
7f1ef8de5000-7f1ef8de6000 r--p 00000000 08:03 2366656                    /usr/lib/x86_64-linux-gnu/librt.so.1
7f1ef8de6000-7f1ef8de7000 r-xp 00001000 08:03 2366656                    /usr/lib/x86_64-linux-gnu/librt.so.1
7f1ef8de7000-7f1ef8de8000 r--p 00002000 08:03 2366656                    /usr/lib/x86_64-linux-gnu/librt.so.1
7f1ef8de8000-7f1ef8de9000 r--p 00002000 08:03 2366656                    /usr/lib/x86_64-linux-gnu/librt.so.1
7f1ef8de9000-7f1ef8dea000 rw-p 00003000 08:03 2366656                    /usr/lib/x86_64-linux-gnu/librt.so.1
7f1ef8dea000-7f1ef9ff3000 r-xp 00000000 08:03 1311144                    /home/assiph/.jdks/openjdk-19.0.1/lib/server/libjvm.so
7f1ef9ff3000-7f1efa0bd000 r--p 01208000 08:03 1311144                    /home/assiph/.jdks/openjdk-19.0.1/lib/server/libjvm.so
7f1efa0bd000-7f1efa0f2000 rw-p 012d2000 08:03 1311144                    /home/assiph/.jdks/openjdk-19.0.1/lib/server/libjvm.so
7f1efa0f2000-7f1efa152000 rw-p 00000000 00:00 0 
7f1efa152000-7f1efa17a000 r--p 00000000 08:03 2365680                    /usr/lib/x86_64-linux-gnu/libc.so.6
7f1efa17a000-7f1efa30f000 r-xp 00028000 08:03 2365680                    /usr/lib/x86_64-linux-gnu/libc.so.6
7f1efa30f000-7f1efa367000 r--p 001bd000 08:03 2365680                    /usr/lib/x86_64-linux-gnu/libc.so.6
7f1efa367000-7f1efa36b000 r--p 00214000 08:03 2365680                    /usr/lib/x86_64-linux-gnu/libc.so.6
7f1efa36b000-7f1efa36d000 rw-p 00218000 08:03 2365680                    /usr/lib/x86_64-linux-gnu/libc.so.6
7f1efa36d000-7f1efa37a000 rw-p 00000000 00:00 0 
7f1efa37a000-7f1efa37b000 r--p 00000000 08:03 2365822                    /usr/lib/x86_64-linux-gnu/libdl.so.2
7f1efa37b000-7f1efa37c000 r-xp 00001000 08:03 2365822                    /usr/lib/x86_64-linux-gnu/libdl.so.2
7f1efa37c000-7f1efa37d000 r--p 00002000 08:03 2365822                    /usr/lib/x86_64-linux-gnu/libdl.so.2
7f1efa37d000-7f1efa37e000 r--p 00002000 08:03 2365822                    /usr/lib/x86_64-linux-gnu/libdl.so.2
7f1efa37e000-7f1efa37f000 rw-p 00003000 08:03 2365822                    /usr/lib/x86_64-linux-gnu/libdl.so.2
7f1efa37f000-7f1efa380000 r--p 00000000 08:03 2366600                    /usr/lib/x86_64-linux-gnu/libpthread.so.0
7f1efa380000-7f1efa381000 r-xp 00001000 08:03 2366600                    /usr/lib/x86_64-linux-gnu/libpthread.so.0
7f1efa381000-7f1efa382000 r--p 00002000 08:03 2366600                    /usr/lib/x86_64-linux-gnu/libpthread.so.0
7f1efa382000-7f1efa383000 r--p 00002000 08:03 2366600                    /usr/lib/x86_64-linux-gnu/libpthread.so.0
7f1efa383000-7f1efa384000 rw-p 00003000 08:03 2366600                    /usr/lib/x86_64-linux-gnu/libpthread.so.0
7f1efa384000-7f1efa392000 r-xp 00000000 08:03 1187510                    /home/assiph/.jdks/openjdk-19.0.1/lib/libjli.so
7f1efa392000-7f1efa393000 ---p 0000e000 08:03 1187510                    /home/assiph/.jdks/openjdk-19.0.1/lib/libjli.so
7f1efa393000-7f1efa394000 r--p 0000e000 08:03 1187510                    /home/assiph/.jdks/openjdk-19.0.1/lib/libjli.so
7f1efa394000-7f1efa395000 rw-p 0000f000 08:03 1187510                    /home/assiph/.jdks/openjdk-19.0.1/lib/libjli.so
7f1efa395000-7f1efa397000 r--p 00000000 08:03 2367034                    /usr/lib/x86_64-linux-gnu/libz.so.1.2.11
7f1efa397000-7f1efa3a8000 r-xp 00002000 08:03 2367034                    /usr/lib/x86_64-linux-gnu/libz.so.1.2.11
7f1efa3a8000-7f1efa3ae000 r--p 00013000 08:03 2367034                    /usr/lib/x86_64-linux-gnu/libz.so.1.2.11
7f1efa3ae000-7f1efa3af000 ---p 00019000 08:03 2367034                    /usr/lib/x86_64-linux-gnu/libz.so.1.2.11
7f1efa3af000-7f1efa3b0000 r--p 00019000 08:03 2367034                    /usr/lib/x86_64-linux-gnu/libz.so.1.2.11
7f1efa3b0000-7f1efa3b1000 rw-p 0001a000 08:03 2367034                    /usr/lib/x86_64-linux-gnu/libz.so.1.2.11
7f1efa3b3000-7f1efa3bd000 r-xp 00000000 08:03 1187500                    /home/assiph/.jdks/openjdk-19.0.1/lib/libinstrument.so
7f1efa3bd000-7f1efa3be000 r--p 00009000 08:03 1187500                    /home/assiph/.jdks/openjdk-19.0.1/lib/libinstrument.so
7f1efa3be000-7f1efa3bf000 rw-p 0000a000 08:03 1187500                    /home/assiph/.jdks/openjdk-19.0.1/lib/libinstrument.so
7f1efa3bf000-7f1efa3c0000 ---p 00000000 00:00 0 
7f1efa3c0000-7f1efa3c1000 r--p 00000000 00:00 0 
7f1efa3c1000-7f1efa3c3000 rw-p 00000000 00:00 0 
7f1efa3c3000-7f1efa3c5000 r--p 00000000 08:03 2365343                    /usr/lib/x86_64-linux-gnu/ld-linux-x86-64.so.2
7f1efa3c5000-7f1efa3ef000 r-xp 00002000 08:03 2365343                    /usr/lib/x86_64-linux-gnu/ld-linux-x86-64.so.2
7f1efa3ef000-7f1efa3fa000 r--p 0002c000 08:03 2365343                    /usr/lib/x86_64-linux-gnu/ld-linux-x86-64.so.2
7f1efa3fa000-7f1efa3fb000 ---p 00000000 00:00 0 
7f1efa3fb000-7f1efa3fd000 r--p 00037000 08:03 2365343                    /usr/lib/x86_64-linux-gnu/ld-linux-x86-64.so.2
7f1efa3fd000-7f1efa3ff000 rw-p 00039000 08:03 2365343                    /usr/lib/x86_64-linux-gnu/ld-linux-x86-64.so.2
7ffee1579000-7ffee159a000 rw-p 00000000 00:00 0                          [stack]
7ffee159a000-7ffee159e000 r--p 00000000 00:00 0                          [vvar]
7ffee159e000-7ffee15a0000 r-xp 00000000 00:00 0                          [vdso]
ffffffffff600000-ffffffffff601000 --xp 00000000 00:00 0                  [vsyscall]


VM Arguments:
jvm_args: -javaagent:/snap/intellij-idea-community/390/lib/idea_rt.jar=44395:/snap/intellij-idea-community/390/bin -Dfile.encoding=UTF-8 -Dsun.stdout.encoding=UTF-8 -Dsun.stderr.encoding=UTF-8 
java_command: org.example.Main
java_class_path (initial): /home/assiph/IdeaProjects/Worker/target/classes:/home/assiph/.m2/repository/net/sourceforge/tess4j/tess4j/5.4.0/tess4j-5.4.0.jar:/home/assiph/.m2/repository/net/java/dev/jna/jna/5.12.1/jna-5.12.1.jar:/home/assiph/.m2/repository/com/github/jai-imageio/jai-imageio-core/1.4.0/jai-imageio-core-1.4.0.jar:/home/assiph/.m2/repository/org/apache/pdfbox/pdfbox/2.0.26/pdfbox-2.0.26.jar:/home/assiph/.m2/repository/org/apache/pdfbox/fontbox/2.0.26/fontbox-2.0.26.jar:/home/assiph/.m2/repository/commons-logging/commons-logging/1.2/commons-logging-1.2.jar:/home/assiph/.m2/repository/org/apache/pdfbox/pdfbox-tools/2.0.26/pdfbox-tools-2.0.26.jar:/home/assiph/.m2/repository/org/apache/pdfbox/pdfbox-debugger/2.0.26/pdfbox-debugger-2.0.26.jar:/home/assiph/.m2/repository/org/apache/pdfbox/jbig2-imageio/3.0.4/jbig2-imageio-3.0.4.jar:/home/assiph/.m2/repository/commons-io/commons-io/2.11.0/commons-io-2.11.0.jar:/home/assiph/.m2/repository/net/sourceforge/lept4j/lept4j/1.16.2/lept4j-1.16.2.jar:/home/assiph/.m2/repository/org/jboss/jboss-vfs/3.2.17.Final/jboss-vfs-3.2.17.Final.jar:/home/assiph/.m2/repository/org/jboss/logging/jboss-logging/3.1.4.GA/jboss-logging-3.1.4.GA.jar:/home/assiph/.m2/repository/org/slf4j/slf4j-api/2.0.3/slf4j-api-2.0.3.jar:/home/assiph/.m2/repository/org/slf4j/slf4j-simple/2.0.3/slf4j-simple-2.0.3.jar
Launcher Type: SUN_STANDARD

[Global flags]
     intx CICompilerCount                          = 4                                         {product} {ergonomic}
     uint ConcGCThreads                            = 2                                         {product} {ergonomic}
     uint G1ConcRefinementThreads                  = 8                                         {product} {ergonomic}
   size_t G1HeapRegionSize                         = 1048576                                   {product} {ergonomic}
    uintx GCDrainStackTargetSize                   = 64                                        {product} {ergonomic}
   size_t InitialHeapSize                          = 65011712                                  {product} {ergonomic}
   size_t MarkStackSize                            = 4194304                                   {product} {ergonomic}
   size_t MaxHeapSize                              = 1029701632                                {product} {ergonomic}
   size_t MaxNewSize                               = 617611264                                 {product} {ergonomic}
   size_t MinHeapDeltaBytes                        = 1048576                                   {product} {ergonomic}
   size_t MinHeapSize                              = 8388608                                   {product} {ergonomic}
    uintx NonNMethodCodeHeapSize                   = 5839372                                {pd product} {ergonomic}
    uintx NonProfiledCodeHeapSize                  = 122909434                              {pd product} {ergonomic}
    uintx ProfiledCodeHeapSize                     = 122909434                              {pd product} {ergonomic}
    uintx ReservedCodeCacheSize                    = 251658240                              {pd product} {ergonomic}
     bool SegmentedCodeCache                       = true                                      {product} {ergonomic}
   size_t SoftMaxHeapSize                          = 1029701632                             {manageable} {ergonomic}
     bool UseCompressedClassPointers               = true                           {product lp64_product} {ergonomic}
     bool UseCompressedOops                        = true                           {product lp64_product} {ergonomic}
     bool UseG1GC                                  = true                                      {product} {ergonomic}

Logging:
Log output configuration:
 #0: stdout all=warning uptime,level,tags foldmultilines=false
 #1: stderr all=off uptime,level,tags foldmultilines=false

Environment Variables:
PATH=/usr/local/sbin:/usr/local/bin:/usr/sbin:/usr/bin:/sbin:/bin:/usr/games:/usr/local/games:/snap/bin:/snap/bin
USERNAME=assiph
SHELL=/bin/bash
DISPLAY=:0
LANG=en_IL

Active Locale:
LC_ALL=en_IL
LC_COLLATE=en_IL
LC_CTYPE=en_IL
LC_MESSAGES=en_IL
LC_MONETARY=en_IL
LC_NUMERIC=en_IL
LC_TIME=en_IL

Signal Handlers:
   SIGSEGV: crash_handler in libjvm.so, mask=11100100010111111101111111111110, flags=SA_RESTART|SA_SIGINFO
    SIGBUS: crash_handler in libjvm.so, mask=11100100010111111101111111111110, flags=SA_RESTART|SA_SIGINFO
    SIGFPE: crash_handler in libjvm.so, mask=11100100010111111101111111111110, flags=SA_RESTART|SA_SIGINFO
   SIGPIPE: javaSignalHandler in libjvm.so, mask=11100100010111111101111111111110, flags=SA_RESTART|SA_SIGINFO
   SIGXFSZ: javaSignalHandler in libjvm.so, mask=11100100010111111101111111111110, flags=SA_RESTART|SA_SIGINFO
    SIGILL: crash_handler in libjvm.so, mask=11100100010111111101111111111110, flags=SA_RESTART|SA_SIGINFO
   SIGUSR2: SR_handler in libjvm.so, mask=00100000000000000000000000000000, flags=SA_RESTART|SA_SIGINFO
    SIGHUP: UserHandler in libjvm.so, mask=11100100010111111101111111111110, flags=SA_RESTART|SA_SIGINFO
    SIGINT: UserHandler in libjvm.so, mask=11100100010111111101111111111110, flags=SA_RESTART|SA_SIGINFO
   SIGTERM: UserHandler in libjvm.so, mask=11100100010111111101111111111110, flags=SA_RESTART|SA_SIGINFO
   SIGQUIT: UserHandler in libjvm.so, mask=11100100010111111101111111111110, flags=SA_RESTART|SA_SIGINFO
   SIGTRAP: crash_handler in libjvm.so, mask=11100100010111111101111111111110, flags=SA_RESTART|SA_SIGINFO


---------------  S Y S T E M  ---------------

OS:
DISTRIB_ID=Ubuntu
DISTRIB_RELEASE=22.04
DISTRIB_CODENAME=jammy
DISTRIB_DESCRIPTION="Ubuntu 22.04.1 LTS"
uname: Linux 5.15.0-52-generic #58-Ubuntu SMP Thu Oct 13 08:03:55 UTC 2022 x86_64
OS uptime: 0 days 0:49 hours
libc: glibc 2.35 NPTL 2.35 
rlimit (soft/hard): STACK 8192k/infinity , CORE 0k/infinity , NPROC 15414/15414 , NOFILE 1048576/1048576 , AS infinity/infinity , CPU infinity/infinity , DATA infinity/infinity , FSIZE infinity/infinity , MEMLOCK 502092k/502092k
load average: 2.01 1.53 1.15

/proc/meminfo:
MemTotal:        4016764 kB
MemFree:          183576 kB
MemAvailable:     609144 kB
Buffers:            9748 kB
Cached:           630736 kB
SwapCached:        41416 kB
Active:          1533372 kB
Inactive:        1978500 kB
Active(anon):    1174464 kB
Inactive(anon):  1759208 kB
Active(file):     358908 kB
Inactive(file):   219292 kB
Unevictable:          32 kB
Mlocked:              32 kB
SwapTotal:       3991548 kB
SwapFree:        2623100 kB
Dirty:              2568 kB
Writeback:             0 kB
AnonPages:       2853876 kB
Mapped:           330004 kB
Shmem:             62480 kB
KReclaimable:      99848 kB
Slab:             196500 kB
SReclaimable:      99848 kB
SUnreclaim:        96652 kB
KernelStack:       19968 kB
PageTables:        38392 kB
NFS_Unstable:          0 kB
Bounce:                0 kB
WritebackTmp:          0 kB
CommitLimit:     5999928 kB
Committed_AS:    9195424 kB
VmallocTotal:   34359738367 kB
VmallocUsed:       52276 kB
VmallocChunk:          0 kB
Percpu:             7136 kB
HardwareCorrupted:     0 kB
AnonHugePages:         0 kB
ShmemHugePages:        0 kB
ShmemPmdMapped:        0 kB
FileHugePages:         0 kB
FilePmdMapped:         0 kB
HugePages_Total:       0
HugePages_Free:        0
HugePages_Rsvd:        0
HugePages_Surp:        0
Hugepagesize:       2048 kB
Hugetlb:               0 kB
DirectMap4k:      270272 kB
DirectMap2M:     3923968 kB

/sys/kernel/mm/transparent_hugepage/enabled: always [madvise] never
/sys/kernel/mm/transparent_hugepage/defrag (defrag/compaction efforts parameter): always defer defer+madvise [madvise] never

Process Memory:
Virtual Size: 4163536K (peak: 4163536K)
Resident Set Size: 78708K (peak: 78708K) (anon: 41188K, file: 37520K, shmem: 0K)
Swapped out: 0K
C-Heap outstanding allocations: 31076K, retained: 2959K
glibc malloc tunables: (default)

/proc/sys/kernel/threads-max (system-wide limit on the number of threads): 30828
/proc/sys/vm/max_map_count (maximum number of memory map areas a process may have): 65530
/proc/sys/kernel/pid_max (system-wide limit on number of process identifiers): 4194304

container (cgroup) information:
container_type: cgroupv2
cpu_cpuset_cpus: not supported
cpu_memory_nodes: not supported
active_processor_count: 8
cpu_quota: not supported
cpu_period: not supported
cpu_shares: not supported
memory_limit_in_bytes: unlimited
memory_and_swap_limit_in_bytes: unlimited
memory_soft_limit_in_bytes: unlimited
memory_usage_in_bytes: 1906264 k
memory_max_usage_in_bytes: not supported
maximum number of tasks: 4624
current number of tasks: 178

KVM virtualization detected
Steal ticks since vm start: 0
Steal ticks percentage since vm start:  0.000

CPU: total 8 (initial active 8) (8 cores per cpu, 8 threads per core) family 23 model 96 stepping 1 microcode 0x6000626, cx8, cmov, fxsr, ht, mmx, 3dnowpref, sse, sse2, sse3, ssse3, sse4a, sse4.1, sse4.2, popcnt, lzcnt, tsc, tscinvbit, avx, avx2, aes, clmul, vzeroupper, clflush, clflushopt, hv, rdtscp
CPU Model and flags from /proc/cpuinfo:
model name	: AMD Ryzen 7 4800H with Radeon Graphics
flags		: fpu vme de pse tsc msr pae mce cx8 apic sep mtrr pge mca cmov pat pse36 clflush mmx fxsr sse sse2 ht syscall nx mmxext fxsr_opt rdtscp lm constant_tsc rep_good nopl nonstop_tsc cpuid extd_apicid tsc_known_freq pni pclmulqdq ssse3 cx16 sse4_1 sse4_2 x2apic movbe popcnt aes xsave avx rdrand hypervisor lahf_lm cmp_legacy cr8_legacy abm sse4a misalignsse 3dnowprefetch ssbd vmmcall fsgsbase avx2 rdseed clflushopt arat

Online cpus: 0-7
Offline cpus: 
BIOS frequency limitation: <Not Available>
Frequency switch latency (ns): <Not Available>
Available cpu frequencies: <Not Available>
Current governor: <Not Available>
Core performance/turbo boost: <Not Available>

Memory: 4k page, physical 4016764k(183576k free), swap 3991548k(2623100k free)
Page Sizes: 4k

vm_info: OpenJDK 64-Bit Server VM (19.0.1+10-21) for linux-amd64 JRE (19.0.1+10-21), built on 2022-09-14T12:45:06Z by "mach5one" with gcc 11.2.0

END.
